[2020-11-05 01:06:11,064] SEVERE {b7a.log.crash} - java.lang.NullPointerException 
org.ballerinalang.jvm.util.exceptions.BallerinaException: java.lang.NullPointerException
	at org.ballerinalang.test.runtime.entity.TesterinaFunction.runOnSchedule(TesterinaFunction.java:125)
	at org.ballerinalang.test.runtime.entity.TesterinaFunction.invoke(TesterinaFunction.java:56)
	at org.ballerinalang.test.runtime.BTestRunner.startSuite(BTestRunner.java:559)
	at org.ballerinalang.test.runtime.BTestRunner.execute(BTestRunner.java:287)
	at org.ballerinalang.test.runtime.BTestRunner.runTest(BTestRunner.java:106)
	at org.ballerinalang.test.runtime.util.TesterinaUtils.executeTests(TesterinaUtils.java:74)
	at org.ballerinalang.test.runtime.Main.startTestSuit(Main.java:60)
	at org.ballerinalang.test.runtime.Main.main(Main.java:52)
Caused by: java.lang.NullPointerException
	at org.ballerinalang.jvm.observability.metrics.Gauge$Builder.build(Gauge.java:111)
	at org.ballerinalang.observe.nativeimpl.GaugeInitialize.initialize(GaugeInitialize.java:69)
	at ballerina.observe.0_8_0.$value$Gauge.initialize(natives.bal:171)
	at ballerina.observe.0_8_0.$value$Gauge.call(natives.bal)
	at ballerina.observe.0_8_0.$value$Gauge.init(natives.bal:167)
	at ballerina.observe.0_8_0.$value$Gauge.call(natives.bal)
	at ballerina.observe.0_8_0.$value$Gauge.$init$(natives.bal:143)
	at ballerina.observe.0_8_0.$value$Gauge.call(natives.bal)
	at roland.jms_module.0_1_0.jms_module.$roland_jms_module_0_1_0__init_0(jms_module:4)
	at roland.jms_module.0_1_0.$_init.$roland_jms_module_0_1_0__init_(jms_module:65535)
	at roland.jms_module.0_1_0.$_init.$moduleInit(jms_module)
	at sun.reflect.NativeMethodAccessorImpl.invoke0(Native Method)
	at sun.reflect.NativeMethodAccessorImpl.invoke(NativeMethodAccessorImpl.java:62)
	at sun.reflect.DelegatingMethodAccessorImpl.invoke(DelegatingMethodAccessorImpl.java:43)
	at java.lang.reflect.Method.invoke(Method.java:498)
	at org.ballerinalang.test.runtime.entity.TesterinaFunction.lambda$runOnSchedule$0(TesterinaFunction.java:109)
	at org.ballerinalang.jvm.scheduling.SchedulerItem.execute(Scheduler.java:500)
	at org.ballerinalang.jvm.scheduling.Scheduler.run(Scheduler.java:276)
	at org.ballerinalang.jvm.scheduling.Scheduler.runSafely(Scheduler.java:244)
	at java.lang.Thread.run(Thread.java:748)
 
[2020-11-05 01:08:00,251] SEVERE {b7a.log.crash} - java.lang.NullPointerException 
org.ballerinalang.jvm.util.exceptions.BallerinaException: java.lang.NullPointerException
	at org.ballerinalang.test.runtime.entity.TesterinaFunction.runOnSchedule(TesterinaFunction.java:125)
	at org.ballerinalang.test.runtime.entity.TesterinaFunction.invoke(TesterinaFunction.java:56)
	at org.ballerinalang.test.runtime.BTestRunner.startSuite(BTestRunner.java:559)
	at org.ballerinalang.test.runtime.BTestRunner.execute(BTestRunner.java:287)
	at org.ballerinalang.test.runtime.BTestRunner.runTest(BTestRunner.java:106)
	at org.ballerinalang.test.runtime.util.TesterinaUtils.executeTests(TesterinaUtils.java:74)
	at org.ballerinalang.test.runtime.Main.startTestSuit(Main.java:60)
	at org.ballerinalang.test.runtime.Main.main(Main.java:52)
Caused by: java.lang.NullPointerException
	at org.ballerinalang.jvm.observability.metrics.Gauge$Builder.build(Gauge.java:111)
	at org.ballerinalang.observe.nativeimpl.GaugeInitialize.initialize(GaugeInitialize.java:69)
	at ballerina.observe.0_8_0.$value$Gauge.initialize(natives.bal:171)
	at ballerina.observe.0_8_0.$value$Gauge.call(natives.bal)
	at ballerina.observe.0_8_0.$value$Gauge.init(natives.bal:167)
	at ballerina.observe.0_8_0.$value$Gauge.call(natives.bal)
	at ballerina.observe.0_8_0.$value$Gauge.$init$(natives.bal:143)
	at ballerina.observe.0_8_0.$value$Gauge.call(natives.bal)
	at roland.jms_module.0_1_0.jms_module.$roland_jms_module_0_1_0__init_0(jms_module:4)
	at roland.jms_module.0_1_0.$_init.$roland_jms_module_0_1_0__init_(jms_module:65535)
	at roland.jms_module.0_1_0.$_init.$moduleInit(jms_module)
	at sun.reflect.NativeMethodAccessorImpl.invoke0(Native Method)
	at sun.reflect.NativeMethodAccessorImpl.invoke(NativeMethodAccessorImpl.java:62)
	at sun.reflect.DelegatingMethodAccessorImpl.invoke(DelegatingMethodAccessorImpl.java:43)
	at java.lang.reflect.Method.invoke(Method.java:498)
	at org.ballerinalang.test.runtime.entity.TesterinaFunction.lambda$runOnSchedule$0(TesterinaFunction.java:109)
	at org.ballerinalang.jvm.scheduling.SchedulerItem.execute(Scheduler.java:500)
	at org.ballerinalang.jvm.scheduling.Scheduler.run(Scheduler.java:276)
	at org.ballerinalang.jvm.scheduling.Scheduler.runSafely(Scheduler.java:244)
	at java.lang.Thread.run(Thread.java:748)
 
[2020-11-05 01:16:05,279] SEVERE {b7a.log.crash} - org/ballerinalang/jvm/values/api/BArray 
java.lang.NoClassDefFoundError: org/ballerinalang/jvm/values/api/BArray
	at java.lang.Class.getDeclaredMethods0(Native Method)
	at java.lang.Class.privateGetDeclaredMethods(Class.java:2701)
	at java.lang.Class.privateGetPublicMethods(Class.java:2902)
	at java.lang.Class.getMethods(Class.java:1615)
	at org.wso2.ballerinalang.compiler.bir.codegen.interop.JMethodResolver.getExecutables(JMethodResolver.java:705)
	at org.wso2.ballerinalang.compiler.bir.codegen.interop.JMethodResolver.resolveByMethodName(JMethodResolver.java:134)
	at org.wso2.ballerinalang.compiler.bir.codegen.interop.JMethodResolver.resolve(JMethodResolver.java:104)
	at org.wso2.ballerinalang.compiler.bir.codegen.interop.InteropValidator.validateAndGetJMethod(InteropValidator.java:56)
	at org.wso2.ballerinalang.compiler.bir.codegen.interop.InteropMethodGen.createJMethodWrapper(InteropMethodGen.java:779)
	at org.wso2.ballerinalang.compiler.bir.codegen.interop.InteropMethodGen.createJInteropFunctionWrapper(InteropMethodGen.java:767)
	at org.wso2.ballerinalang.compiler.bir.codegen.interop.ExternalMethodGen.createExternalFunctionWrapper(ExternalMethodGen.java:272)
	at org.wso2.ballerinalang.compiler.bir.codegen.JvmPackageGen.getBirFunctionWrapper(JvmPackageGen.java:722)
	at org.wso2.ballerinalang.compiler.bir.codegen.JvmPackageGen.linkModuleFunctions(JvmPackageGen.java:707)
	at org.wso2.ballerinalang.compiler.bir.codegen.JvmPackageGen.generateClassNameLinking(JvmPackageGen.java:547)
	at org.wso2.ballerinalang.compiler.bir.codegen.JvmPackageGen.generate(JvmPackageGen.java:401)
	at org.wso2.ballerinalang.compiler.bir.codegen.CodeGenerator.generate(CodeGenerator.java:157)
	at org.wso2.ballerinalang.compiler.bir.codegen.CodeGenerator.generate(CodeGenerator.java:127)
	at org.wso2.ballerinalang.compiler.CompilerDriver.codeGen(CompilerDriver.java:317)
	at org.wso2.ballerinalang.compiler.CompilerDriver.compile(CompilerDriver.java:313)
	at org.wso2.ballerinalang.compiler.CompilerDriver.compilePackageSymbol(CompilerDriver.java:250)
	at org.wso2.ballerinalang.compiler.CompilerDriver.compilePackage(CompilerDriver.java:142)
	at org.wso2.ballerinalang.compiler.Compiler.compilePackages(Compiler.java:176)
	at org.wso2.ballerinalang.compiler.Compiler.compilePackage(Compiler.java:220)
	at org.wso2.ballerinalang.compiler.Compiler.compile(Compiler.java:101)
	at org.wso2.ballerinalang.compiler.Compiler.build(Compiler.java:109)
	at org.ballerinalang.packerina.task.CompileTask.execute(CompileTask.java:65)
	at org.ballerinalang.packerina.TaskExecutor.executeTasks(TaskExecutor.java:38)
	at org.ballerinalang.packerina.cmd.BuildCommand.execute(BuildCommand.java:436)
	at java.util.Optional.ifPresent(Optional.java:159)
	at org.ballerinalang.tool.Main.main(Main.java:57)
Caused by: java.lang.ClassNotFoundException: org.ballerinalang.jvm.values.api.BArray
	at java.net.URLClassLoader.findClass(URLClassLoader.java:382)
	at java.lang.ClassLoader.loadClass(ClassLoader.java:424)
	at java.lang.ClassLoader.loadClass(ClassLoader.java:357)
	... 30 more
 
[2020-11-05 01:18:42,783] SEVERE {b7a.log.crash} - org/ballerinalang/jvm/values/api/BArray 
java.lang.NoClassDefFoundError: org/ballerinalang/jvm/values/api/BArray
	at java.lang.Class.getDeclaredMethods0(Native Method)
	at java.lang.Class.privateGetDeclaredMethods(Class.java:2701)
	at java.lang.Class.privateGetPublicMethods(Class.java:2902)
	at java.lang.Class.getMethods(Class.java:1615)
	at org.wso2.ballerinalang.compiler.bir.codegen.interop.JMethodResolver.getExecutables(JMethodResolver.java:705)
	at org.wso2.ballerinalang.compiler.bir.codegen.interop.JMethodResolver.resolveByMethodName(JMethodResolver.java:134)
	at org.wso2.ballerinalang.compiler.bir.codegen.interop.JMethodResolver.resolve(JMethodResolver.java:104)
	at org.wso2.ballerinalang.compiler.bir.codegen.interop.InteropValidator.validateAndGetJMethod(InteropValidator.java:56)
	at org.wso2.ballerinalang.compiler.bir.codegen.interop.InteropMethodGen.createJMethodWrapper(InteropMethodGen.java:779)
	at org.wso2.ballerinalang.compiler.bir.codegen.interop.InteropMethodGen.createJInteropFunctionWrapper(InteropMethodGen.java:767)
	at org.wso2.ballerinalang.compiler.bir.codegen.interop.ExternalMethodGen.createExternalFunctionWrapper(ExternalMethodGen.java:272)
	at org.wso2.ballerinalang.compiler.bir.codegen.JvmPackageGen.getBirFunctionWrapper(JvmPackageGen.java:722)
	at org.wso2.ballerinalang.compiler.bir.codegen.JvmPackageGen.linkModuleFunctions(JvmPackageGen.java:707)
	at org.wso2.ballerinalang.compiler.bir.codegen.JvmPackageGen.generateClassNameLinking(JvmPackageGen.java:547)
	at org.wso2.ballerinalang.compiler.bir.codegen.JvmPackageGen.generate(JvmPackageGen.java:401)
	at org.wso2.ballerinalang.compiler.bir.codegen.CodeGenerator.generate(CodeGenerator.java:157)
	at org.wso2.ballerinalang.compiler.bir.codegen.CodeGenerator.generate(CodeGenerator.java:127)
	at org.wso2.ballerinalang.compiler.CompilerDriver.codeGen(CompilerDriver.java:317)
	at org.wso2.ballerinalang.compiler.CompilerDriver.compile(CompilerDriver.java:313)
	at org.wso2.ballerinalang.compiler.CompilerDriver.compilePackageSymbol(CompilerDriver.java:250)
	at org.wso2.ballerinalang.compiler.CompilerDriver.compilePackage(CompilerDriver.java:142)
	at org.wso2.ballerinalang.compiler.Compiler.compilePackages(Compiler.java:176)
	at org.wso2.ballerinalang.compiler.Compiler.compilePackage(Compiler.java:220)
	at org.wso2.ballerinalang.compiler.Compiler.compile(Compiler.java:101)
	at org.wso2.ballerinalang.compiler.Compiler.build(Compiler.java:109)
	at org.ballerinalang.packerina.task.CompileTask.execute(CompileTask.java:65)
	at org.ballerinalang.packerina.TaskExecutor.executeTasks(TaskExecutor.java:38)
	at org.ballerinalang.packerina.cmd.BuildCommand.execute(BuildCommand.java:436)
	at java.util.Optional.ifPresent(Optional.java:159)
	at org.ballerinalang.tool.Main.main(Main.java:57)
Caused by: java.lang.ClassNotFoundException: org.ballerinalang.jvm.values.api.BArray
	at java.net.URLClassLoader.findClass(URLClassLoader.java:382)
	at java.lang.ClassLoader.loadClass(ClassLoader.java:424)
	at java.lang.ClassLoader.loadClass(ClassLoader.java:357)
	... 30 more
 
[2020-11-05 01:23:12,666] SEVERE {b7a.log.crash} - org/ballerinalang/jvm/values/api/BArray 
java.lang.NoClassDefFoundError: org/ballerinalang/jvm/values/api/BArray
	at java.lang.Class.getDeclaredMethods0(Native Method)
	at java.lang.Class.privateGetDeclaredMethods(Class.java:2701)
	at java.lang.Class.privateGetPublicMethods(Class.java:2902)
	at java.lang.Class.getMethods(Class.java:1615)
	at org.wso2.ballerinalang.compiler.bir.codegen.interop.JMethodResolver.getExecutables(JMethodResolver.java:705)
	at org.wso2.ballerinalang.compiler.bir.codegen.interop.JMethodResolver.resolveByMethodName(JMethodResolver.java:134)
	at org.wso2.ballerinalang.compiler.bir.codegen.interop.JMethodResolver.resolve(JMethodResolver.java:104)
	at org.wso2.ballerinalang.compiler.bir.codegen.interop.InteropValidator.validateAndGetJMethod(InteropValidator.java:56)
	at org.wso2.ballerinalang.compiler.bir.codegen.interop.InteropMethodGen.createJMethodWrapper(InteropMethodGen.java:779)
	at org.wso2.ballerinalang.compiler.bir.codegen.interop.InteropMethodGen.createJInteropFunctionWrapper(InteropMethodGen.java:767)
	at org.wso2.ballerinalang.compiler.bir.codegen.interop.ExternalMethodGen.createExternalFunctionWrapper(ExternalMethodGen.java:272)
	at org.wso2.ballerinalang.compiler.bir.codegen.JvmPackageGen.getBirFunctionWrapper(JvmPackageGen.java:722)
	at org.wso2.ballerinalang.compiler.bir.codegen.JvmPackageGen.linkModuleFunctions(JvmPackageGen.java:707)
	at org.wso2.ballerinalang.compiler.bir.codegen.JvmPackageGen.generateClassNameLinking(JvmPackageGen.java:547)
	at org.wso2.ballerinalang.compiler.bir.codegen.JvmPackageGen.generate(JvmPackageGen.java:401)
	at org.wso2.ballerinalang.compiler.bir.codegen.CodeGenerator.generate(CodeGenerator.java:157)
	at org.wso2.ballerinalang.compiler.bir.codegen.CodeGenerator.generate(CodeGenerator.java:127)
	at org.wso2.ballerinalang.compiler.CompilerDriver.codeGen(CompilerDriver.java:317)
	at org.wso2.ballerinalang.compiler.CompilerDriver.compile(CompilerDriver.java:313)
	at org.wso2.ballerinalang.compiler.CompilerDriver.compilePackageSymbol(CompilerDriver.java:250)
	at org.wso2.ballerinalang.compiler.CompilerDriver.compilePackage(CompilerDriver.java:142)
	at org.wso2.ballerinalang.compiler.Compiler.compilePackages(Compiler.java:176)
	at org.wso2.ballerinalang.compiler.Compiler.compilePackage(Compiler.java:220)
	at org.wso2.ballerinalang.compiler.Compiler.compile(Compiler.java:101)
	at org.wso2.ballerinalang.compiler.Compiler.build(Compiler.java:109)
	at org.ballerinalang.packerina.task.CompileTask.execute(CompileTask.java:65)
	at org.ballerinalang.packerina.TaskExecutor.executeTasks(TaskExecutor.java:38)
	at org.ballerinalang.packerina.cmd.BuildCommand.execute(BuildCommand.java:436)
	at java.util.Optional.ifPresent(Optional.java:159)
	at org.ballerinalang.tool.Main.main(Main.java:57)
Caused by: java.lang.ClassNotFoundException: org.ballerinalang.jvm.values.api.BArray
	at java.net.URLClassLoader.findClass(URLClassLoader.java:382)
	at java.lang.ClassLoader.loadClass(ClassLoader.java:424)
	at java.lang.ClassLoader.loadClass(ClassLoader.java:357)
	... 30 more
 
[2020-11-05 01:24:39,538] SEVERE {b7a.log.crash} - org/ballerinalang/jvm/values/api/BArray 
java.lang.NoClassDefFoundError: org/ballerinalang/jvm/values/api/BArray
	at java.lang.Class.getDeclaredMethods0(Native Method)
	at java.lang.Class.privateGetDeclaredMethods(Class.java:2701)
	at java.lang.Class.privateGetPublicMethods(Class.java:2902)
	at java.lang.Class.getMethods(Class.java:1615)
	at org.wso2.ballerinalang.compiler.bir.codegen.interop.JMethodResolver.getExecutables(JMethodResolver.java:705)
	at org.wso2.ballerinalang.compiler.bir.codegen.interop.JMethodResolver.resolveByMethodName(JMethodResolver.java:134)
	at org.wso2.ballerinalang.compiler.bir.codegen.interop.JMethodResolver.resolve(JMethodResolver.java:104)
	at org.wso2.ballerinalang.compiler.bir.codegen.interop.InteropValidator.validateAndGetJMethod(InteropValidator.java:56)
	at org.wso2.ballerinalang.compiler.bir.codegen.interop.InteropMethodGen.createJMethodWrapper(InteropMethodGen.java:779)
	at org.wso2.ballerinalang.compiler.bir.codegen.interop.InteropMethodGen.createJInteropFunctionWrapper(InteropMethodGen.java:767)
	at org.wso2.ballerinalang.compiler.bir.codegen.interop.ExternalMethodGen.createExternalFunctionWrapper(ExternalMethodGen.java:272)
	at org.wso2.ballerinalang.compiler.bir.codegen.JvmPackageGen.getBirFunctionWrapper(JvmPackageGen.java:722)
	at org.wso2.ballerinalang.compiler.bir.codegen.JvmPackageGen.linkModuleFunctions(JvmPackageGen.java:707)
	at org.wso2.ballerinalang.compiler.bir.codegen.JvmPackageGen.generateClassNameLinking(JvmPackageGen.java:547)
	at org.wso2.ballerinalang.compiler.bir.codegen.JvmPackageGen.generate(JvmPackageGen.java:401)
	at org.wso2.ballerinalang.compiler.bir.codegen.CodeGenerator.generate(CodeGenerator.java:157)
	at org.wso2.ballerinalang.compiler.bir.codegen.CodeGenerator.generate(CodeGenerator.java:127)
	at org.wso2.ballerinalang.compiler.CompilerDriver.codeGen(CompilerDriver.java:317)
	at org.wso2.ballerinalang.compiler.CompilerDriver.compile(CompilerDriver.java:313)
	at org.wso2.ballerinalang.compiler.CompilerDriver.compilePackageSymbol(CompilerDriver.java:250)
	at org.wso2.ballerinalang.compiler.CompilerDriver.compilePackage(CompilerDriver.java:142)
	at org.wso2.ballerinalang.compiler.Compiler.compilePackages(Compiler.java:176)
	at org.wso2.ballerinalang.compiler.Compiler.compilePackage(Compiler.java:220)
	at org.wso2.ballerinalang.compiler.Compiler.compile(Compiler.java:101)
	at org.wso2.ballerinalang.compiler.Compiler.build(Compiler.java:109)
	at org.ballerinalang.packerina.task.CompileTask.execute(CompileTask.java:65)
	at org.ballerinalang.packerina.TaskExecutor.executeTasks(TaskExecutor.java:38)
	at org.ballerinalang.packerina.cmd.BuildCommand.execute(BuildCommand.java:436)
	at java.util.Optional.ifPresent(Optional.java:159)
	at org.ballerinalang.tool.Main.main(Main.java:57)
Caused by: java.lang.ClassNotFoundException: org.ballerinalang.jvm.values.api.BArray
	at java.net.URLClassLoader.findClass(URLClassLoader.java:382)
	at java.lang.ClassLoader.loadClass(ClassLoader.java:424)
	at java.lang.ClassLoader.loadClass(ClassLoader.java:357)
	... 30 more
 
[2020-11-05 01:26:14,286] SEVERE {b7a.log.crash} - org/ballerinalang/jvm/values/api/BArray 
java.lang.NoClassDefFoundError: org/ballerinalang/jvm/values/api/BArray
	at java.lang.Class.getDeclaredMethods0(Native Method)
	at java.lang.Class.privateGetDeclaredMethods(Class.java:2701)
	at java.lang.Class.privateGetPublicMethods(Class.java:2902)
	at java.lang.Class.getMethods(Class.java:1615)
	at org.wso2.ballerinalang.compiler.bir.codegen.interop.JMethodResolver.getExecutables(JMethodResolver.java:705)
	at org.wso2.ballerinalang.compiler.bir.codegen.interop.JMethodResolver.resolveByMethodName(JMethodResolver.java:134)
	at org.wso2.ballerinalang.compiler.bir.codegen.interop.JMethodResolver.resolve(JMethodResolver.java:104)
	at org.wso2.ballerinalang.compiler.bir.codegen.interop.InteropValidator.validateAndGetJMethod(InteropValidator.java:56)
	at org.wso2.ballerinalang.compiler.bir.codegen.interop.InteropMethodGen.createJMethodWrapper(InteropMethodGen.java:779)
	at org.wso2.ballerinalang.compiler.bir.codegen.interop.InteropMethodGen.createJInteropFunctionWrapper(InteropMethodGen.java:767)
	at org.wso2.ballerinalang.compiler.bir.codegen.interop.ExternalMethodGen.createExternalFunctionWrapper(ExternalMethodGen.java:272)
	at org.wso2.ballerinalang.compiler.bir.codegen.JvmPackageGen.getBirFunctionWrapper(JvmPackageGen.java:722)
	at org.wso2.ballerinalang.compiler.bir.codegen.JvmPackageGen.linkModuleFunctions(JvmPackageGen.java:707)
	at org.wso2.ballerinalang.compiler.bir.codegen.JvmPackageGen.generateClassNameLinking(JvmPackageGen.java:547)
	at org.wso2.ballerinalang.compiler.bir.codegen.JvmPackageGen.generate(JvmPackageGen.java:401)
	at org.wso2.ballerinalang.compiler.bir.codegen.CodeGenerator.generate(CodeGenerator.java:157)
	at org.wso2.ballerinalang.compiler.bir.codegen.CodeGenerator.generate(CodeGenerator.java:127)
	at org.wso2.ballerinalang.compiler.CompilerDriver.codeGen(CompilerDriver.java:317)
	at org.wso2.ballerinalang.compiler.CompilerDriver.compile(CompilerDriver.java:313)
	at org.wso2.ballerinalang.compiler.CompilerDriver.compilePackageSymbol(CompilerDriver.java:250)
	at org.wso2.ballerinalang.compiler.CompilerDriver.compilePackage(CompilerDriver.java:142)
	at org.wso2.ballerinalang.compiler.Compiler.compilePackages(Compiler.java:176)
	at org.wso2.ballerinalang.compiler.Compiler.compilePackage(Compiler.java:220)
	at org.wso2.ballerinalang.compiler.Compiler.compile(Compiler.java:101)
	at org.wso2.ballerinalang.compiler.Compiler.build(Compiler.java:109)
	at org.ballerinalang.packerina.task.CompileTask.execute(CompileTask.java:65)
	at org.ballerinalang.packerina.TaskExecutor.executeTasks(TaskExecutor.java:38)
	at org.ballerinalang.packerina.cmd.BuildCommand.execute(BuildCommand.java:436)
	at java.util.Optional.ifPresent(Optional.java:159)
	at org.ballerinalang.tool.Main.main(Main.java:57)
Caused by: java.lang.ClassNotFoundException: org.ballerinalang.jvm.values.api.BArray
	at java.net.URLClassLoader.findClass(URLClassLoader.java:382)
	at java.lang.ClassLoader.loadClass(ClassLoader.java:424)
	at java.lang.ClassLoader.loadClass(ClassLoader.java:357)
	... 30 more
 
[2020-11-05 01:29:15,052] SEVERE {b7a.log.crash} - org/ballerinalang/jvm/values/api/BArray 
java.lang.NoClassDefFoundError: org/ballerinalang/jvm/values/api/BArray
	at java.lang.Class.getDeclaredMethods0(Native Method)
	at java.lang.Class.privateGetDeclaredMethods(Class.java:2701)
	at java.lang.Class.privateGetPublicMethods(Class.java:2902)
	at java.lang.Class.getMethods(Class.java:1615)
	at org.wso2.ballerinalang.compiler.bir.codegen.interop.JMethodResolver.getExecutables(JMethodResolver.java:705)
	at org.wso2.ballerinalang.compiler.bir.codegen.interop.JMethodResolver.resolveByMethodName(JMethodResolver.java:134)
	at org.wso2.ballerinalang.compiler.bir.codegen.interop.JMethodResolver.resolve(JMethodResolver.java:104)
	at org.wso2.ballerinalang.compiler.bir.codegen.interop.InteropValidator.validateAndGetJMethod(InteropValidator.java:56)
	at org.wso2.ballerinalang.compiler.bir.codegen.interop.InteropMethodGen.createJMethodWrapper(InteropMethodGen.java:779)
	at org.wso2.ballerinalang.compiler.bir.codegen.interop.InteropMethodGen.createJInteropFunctionWrapper(InteropMethodGen.java:767)
	at org.wso2.ballerinalang.compiler.bir.codegen.interop.ExternalMethodGen.createExternalFunctionWrapper(ExternalMethodGen.java:272)
	at org.wso2.ballerinalang.compiler.bir.codegen.JvmPackageGen.getBirFunctionWrapper(JvmPackageGen.java:722)
	at org.wso2.ballerinalang.compiler.bir.codegen.JvmPackageGen.linkModuleFunctions(JvmPackageGen.java:707)
	at org.wso2.ballerinalang.compiler.bir.codegen.JvmPackageGen.generateClassNameLinking(JvmPackageGen.java:547)
	at org.wso2.ballerinalang.compiler.bir.codegen.JvmPackageGen.generate(JvmPackageGen.java:401)
	at org.wso2.ballerinalang.compiler.bir.codegen.CodeGenerator.generate(CodeGenerator.java:157)
	at org.wso2.ballerinalang.compiler.bir.codegen.CodeGenerator.generate(CodeGenerator.java:127)
	at org.wso2.ballerinalang.compiler.CompilerDriver.codeGen(CompilerDriver.java:317)
	at org.wso2.ballerinalang.compiler.CompilerDriver.compile(CompilerDriver.java:313)
	at org.wso2.ballerinalang.compiler.CompilerDriver.compilePackageSymbol(CompilerDriver.java:250)
	at org.wso2.ballerinalang.compiler.CompilerDriver.compilePackage(CompilerDriver.java:142)
	at org.wso2.ballerinalang.compiler.Compiler.compilePackages(Compiler.java:176)
	at org.wso2.ballerinalang.compiler.Compiler.compilePackage(Compiler.java:220)
	at org.wso2.ballerinalang.compiler.Compiler.compile(Compiler.java:101)
	at org.wso2.ballerinalang.compiler.Compiler.build(Compiler.java:109)
	at org.ballerinalang.packerina.task.CompileTask.execute(CompileTask.java:65)
	at org.ballerinalang.packerina.TaskExecutor.executeTasks(TaskExecutor.java:38)
	at org.ballerinalang.packerina.cmd.BuildCommand.execute(BuildCommand.java:436)
	at java.util.Optional.ifPresent(Optional.java:159)
	at org.ballerinalang.tool.Main.main(Main.java:57)
Caused by: java.lang.ClassNotFoundException: org.ballerinalang.jvm.values.api.BArray
	at java.net.URLClassLoader.findClass(URLClassLoader.java:382)
	at java.lang.ClassLoader.loadClass(ClassLoader.java:424)
	at java.lang.ClassLoader.loadClass(ClassLoader.java:357)
	... 30 more
 
[2020-11-05 01:43:31,936] SEVERE {b7a.log.crash} - org/ballerinalang/jvm/values/api/BArray 
java.lang.NoClassDefFoundError: org/ballerinalang/jvm/values/api/BArray
	at java.lang.Class.getDeclaredMethods0(Native Method)
	at java.lang.Class.privateGetDeclaredMethods(Class.java:2701)
	at java.lang.Class.privateGetPublicMethods(Class.java:2902)
	at java.lang.Class.getMethods(Class.java:1615)
	at org.wso2.ballerinalang.compiler.bir.codegen.interop.JMethodResolver.getExecutables(JMethodResolver.java:705)
	at org.wso2.ballerinalang.compiler.bir.codegen.interop.JMethodResolver.resolveByMethodName(JMethodResolver.java:134)
	at org.wso2.ballerinalang.compiler.bir.codegen.interop.JMethodResolver.resolve(JMethodResolver.java:104)
	at org.wso2.ballerinalang.compiler.bir.codegen.interop.InteropValidator.validateAndGetJMethod(InteropValidator.java:56)
	at org.wso2.ballerinalang.compiler.bir.codegen.interop.InteropMethodGen.createJMethodWrapper(InteropMethodGen.java:779)
	at org.wso2.ballerinalang.compiler.bir.codegen.interop.InteropMethodGen.createJInteropFunctionWrapper(InteropMethodGen.java:767)
	at org.wso2.ballerinalang.compiler.bir.codegen.interop.ExternalMethodGen.createExternalFunctionWrapper(ExternalMethodGen.java:272)
	at org.wso2.ballerinalang.compiler.bir.codegen.JvmPackageGen.getBirFunctionWrapper(JvmPackageGen.java:722)
	at org.wso2.ballerinalang.compiler.bir.codegen.JvmPackageGen.linkModuleFunctions(JvmPackageGen.java:707)
	at org.wso2.ballerinalang.compiler.bir.codegen.JvmPackageGen.generateClassNameLinking(JvmPackageGen.java:547)
	at org.wso2.ballerinalang.compiler.bir.codegen.JvmPackageGen.generate(JvmPackageGen.java:401)
	at org.wso2.ballerinalang.compiler.bir.codegen.CodeGenerator.generate(CodeGenerator.java:157)
	at org.wso2.ballerinalang.compiler.bir.codegen.CodeGenerator.generate(CodeGenerator.java:127)
	at org.wso2.ballerinalang.compiler.CompilerDriver.codeGen(CompilerDriver.java:317)
	at org.wso2.ballerinalang.compiler.CompilerDriver.compile(CompilerDriver.java:313)
	at org.wso2.ballerinalang.compiler.CompilerDriver.compilePackageSymbol(CompilerDriver.java:250)
	at org.wso2.ballerinalang.compiler.CompilerDriver.compilePackage(CompilerDriver.java:142)
	at org.wso2.ballerinalang.compiler.Compiler.compilePackages(Compiler.java:176)
	at org.wso2.ballerinalang.compiler.Compiler.compilePackage(Compiler.java:220)
	at org.wso2.ballerinalang.compiler.Compiler.compile(Compiler.java:101)
	at org.wso2.ballerinalang.compiler.Compiler.build(Compiler.java:109)
	at org.ballerinalang.packerina.task.CompileTask.execute(CompileTask.java:65)
	at org.ballerinalang.packerina.TaskExecutor.executeTasks(TaskExecutor.java:38)
	at org.ballerinalang.packerina.cmd.BuildCommand.execute(BuildCommand.java:436)
	at java.util.Optional.ifPresent(Optional.java:159)
	at org.ballerinalang.tool.Main.main(Main.java:57)
Caused by: java.lang.ClassNotFoundException: org.ballerinalang.jvm.values.api.BArray
	at java.net.URLClassLoader.findClass(URLClassLoader.java:382)
	at java.lang.ClassLoader.loadClass(ClassLoader.java:424)
	at java.lang.ClassLoader.loadClass(ClassLoader.java:357)
	... 30 more
 
[2020-11-05 01:49:29,777] SEVERE {b7a.log.crash} - org/ballerinalang/jvm/values/api/BArray 
java.lang.NoClassDefFoundError: org/ballerinalang/jvm/values/api/BArray
	at java.lang.Class.getDeclaredMethods0(Native Method)
	at java.lang.Class.privateGetDeclaredMethods(Class.java:2701)
	at java.lang.Class.privateGetPublicMethods(Class.java:2902)
	at java.lang.Class.getMethods(Class.java:1615)
	at org.wso2.ballerinalang.compiler.bir.codegen.interop.JMethodResolver.getExecutables(JMethodResolver.java:705)
	at org.wso2.ballerinalang.compiler.bir.codegen.interop.JMethodResolver.resolveByMethodName(JMethodResolver.java:134)
	at org.wso2.ballerinalang.compiler.bir.codegen.interop.JMethodResolver.resolve(JMethodResolver.java:104)
	at org.wso2.ballerinalang.compiler.bir.codegen.interop.InteropValidator.validateAndGetJMethod(InteropValidator.java:56)
	at org.wso2.ballerinalang.compiler.bir.codegen.interop.InteropMethodGen.createJMethodWrapper(InteropMethodGen.java:779)
	at org.wso2.ballerinalang.compiler.bir.codegen.interop.InteropMethodGen.createJInteropFunctionWrapper(InteropMethodGen.java:767)
	at org.wso2.ballerinalang.compiler.bir.codegen.interop.ExternalMethodGen.createExternalFunctionWrapper(ExternalMethodGen.java:272)
	at org.wso2.ballerinalang.compiler.bir.codegen.JvmPackageGen.getBirFunctionWrapper(JvmPackageGen.java:722)
	at org.wso2.ballerinalang.compiler.bir.codegen.JvmPackageGen.linkModuleFunctions(JvmPackageGen.java:707)
	at org.wso2.ballerinalang.compiler.bir.codegen.JvmPackageGen.generateClassNameLinking(JvmPackageGen.java:547)
	at org.wso2.ballerinalang.compiler.bir.codegen.JvmPackageGen.generate(JvmPackageGen.java:401)
	at org.wso2.ballerinalang.compiler.bir.codegen.CodeGenerator.generate(CodeGenerator.java:157)
	at org.wso2.ballerinalang.compiler.bir.codegen.CodeGenerator.generate(CodeGenerator.java:127)
	at org.wso2.ballerinalang.compiler.CompilerDriver.codeGen(CompilerDriver.java:317)
	at org.wso2.ballerinalang.compiler.CompilerDriver.compile(CompilerDriver.java:313)
	at org.wso2.ballerinalang.compiler.CompilerDriver.compilePackageSymbol(CompilerDriver.java:250)
	at org.wso2.ballerinalang.compiler.CompilerDriver.compilePackage(CompilerDriver.java:142)
	at org.wso2.ballerinalang.compiler.Compiler.compilePackages(Compiler.java:176)
	at org.wso2.ballerinalang.compiler.Compiler.compilePackage(Compiler.java:220)
	at org.wso2.ballerinalang.compiler.Compiler.compile(Compiler.java:101)
	at org.wso2.ballerinalang.compiler.Compiler.build(Compiler.java:109)
	at org.ballerinalang.packerina.task.CompileTask.execute(CompileTask.java:65)
	at org.ballerinalang.packerina.TaskExecutor.executeTasks(TaskExecutor.java:38)
	at org.ballerinalang.packerina.cmd.BuildCommand.execute(BuildCommand.java:436)
	at java.util.Optional.ifPresent(Optional.java:159)
	at org.ballerinalang.tool.Main.main(Main.java:57)
Caused by: java.lang.ClassNotFoundException: org.ballerinalang.jvm.values.api.BArray
	at java.net.URLClassLoader.findClass(URLClassLoader.java:382)
	at java.lang.ClassLoader.loadClass(ClassLoader.java:424)
	at java.lang.ClassLoader.loadClass(ClassLoader.java:357)
	... 30 more
 
[2020-11-05 09:04:26,766] SEVERE {b7a.log.crash} - org/ballerinalang/jvm/values/api/BArray 
java.lang.NoClassDefFoundError: org/ballerinalang/jvm/values/api/BArray
	at java.lang.Class.getDeclaredMethods0(Native Method)
	at java.lang.Class.privateGetDeclaredMethods(Class.java:2701)
	at java.lang.Class.privateGetPublicMethods(Class.java:2902)
	at java.lang.Class.getMethods(Class.java:1615)
	at org.wso2.ballerinalang.compiler.bir.codegen.interop.JMethodResolver.getExecutables(JMethodResolver.java:705)
	at org.wso2.ballerinalang.compiler.bir.codegen.interop.JMethodResolver.resolveByMethodName(JMethodResolver.java:134)
	at org.wso2.ballerinalang.compiler.bir.codegen.interop.JMethodResolver.resolve(JMethodResolver.java:104)
	at org.wso2.ballerinalang.compiler.bir.codegen.interop.InteropValidator.validateAndGetJMethod(InteropValidator.java:56)
	at org.wso2.ballerinalang.compiler.bir.codegen.interop.InteropMethodGen.createJMethodWrapper(InteropMethodGen.java:779)
	at org.wso2.ballerinalang.compiler.bir.codegen.interop.InteropMethodGen.createJInteropFunctionWrapper(InteropMethodGen.java:767)
	at org.wso2.ballerinalang.compiler.bir.codegen.interop.ExternalMethodGen.createExternalFunctionWrapper(ExternalMethodGen.java:272)
	at org.wso2.ballerinalang.compiler.bir.codegen.JvmPackageGen.getBirFunctionWrapper(JvmPackageGen.java:722)
	at org.wso2.ballerinalang.compiler.bir.codegen.JvmPackageGen.linkModuleFunctions(JvmPackageGen.java:707)
	at org.wso2.ballerinalang.compiler.bir.codegen.JvmPackageGen.generateClassNameLinking(JvmPackageGen.java:547)
	at org.wso2.ballerinalang.compiler.bir.codegen.JvmPackageGen.generate(JvmPackageGen.java:401)
	at org.wso2.ballerinalang.compiler.bir.codegen.CodeGenerator.generate(CodeGenerator.java:157)
	at org.wso2.ballerinalang.compiler.bir.codegen.CodeGenerator.generate(CodeGenerator.java:127)
	at org.wso2.ballerinalang.compiler.CompilerDriver.codeGen(CompilerDriver.java:317)
	at org.wso2.ballerinalang.compiler.CompilerDriver.compile(CompilerDriver.java:313)
	at org.wso2.ballerinalang.compiler.CompilerDriver.compilePackageSymbol(CompilerDriver.java:250)
	at org.wso2.ballerinalang.compiler.CompilerDriver.compilePackage(CompilerDriver.java:142)
	at org.wso2.ballerinalang.compiler.Compiler.compilePackages(Compiler.java:176)
	at org.wso2.ballerinalang.compiler.Compiler.compilePackage(Compiler.java:220)
	at org.wso2.ballerinalang.compiler.Compiler.compile(Compiler.java:101)
	at org.wso2.ballerinalang.compiler.Compiler.build(Compiler.java:109)
	at org.ballerinalang.packerina.task.CompileTask.execute(CompileTask.java:65)
	at org.ballerinalang.packerina.TaskExecutor.executeTasks(TaskExecutor.java:38)
	at org.ballerinalang.packerina.cmd.BuildCommand.execute(BuildCommand.java:436)
	at java.util.Optional.ifPresent(Optional.java:159)
	at org.ballerinalang.tool.Main.main(Main.java:57)
Caused by: java.lang.ClassNotFoundException: org.ballerinalang.jvm.values.api.BArray
	at java.net.URLClassLoader.findClass(URLClassLoader.java:382)
	at java.lang.ClassLoader.loadClass(ClassLoader.java:424)
	at java.lang.ClassLoader.loadClass(ClassLoader.java:357)
	... 30 more
 
[2020-11-05 09:30:13,862] SEVERE {b7a.log.crash} - org/ballerinalang/jvm/values/api/BString 
java.lang.NoClassDefFoundError: org/ballerinalang/jvm/values/api/BString
	at java.lang.Class.getDeclaredMethods0(Native Method)
	at java.lang.Class.privateGetDeclaredMethods(Class.java:2701)
	at java.lang.Class.privateGetPublicMethods(Class.java:2902)
	at java.lang.Class.getMethods(Class.java:1615)
	at org.wso2.ballerinalang.compiler.bir.codegen.interop.JMethodResolver.getExecutables(JMethodResolver.java:705)
	at org.wso2.ballerinalang.compiler.bir.codegen.interop.JMethodResolver.resolveByMethodName(JMethodResolver.java:134)
	at org.wso2.ballerinalang.compiler.bir.codegen.interop.JMethodResolver.resolve(JMethodResolver.java:104)
	at org.wso2.ballerinalang.compiler.bir.codegen.interop.InteropValidator.validateAndGetJMethod(InteropValidator.java:56)
	at org.wso2.ballerinalang.compiler.bir.codegen.interop.InteropMethodGen.createJMethodWrapper(InteropMethodGen.java:779)
	at org.wso2.ballerinalang.compiler.bir.codegen.interop.InteropMethodGen.createJInteropFunctionWrapper(InteropMethodGen.java:767)
	at org.wso2.ballerinalang.compiler.bir.codegen.interop.ExternalMethodGen.createExternalFunctionWrapper(ExternalMethodGen.java:272)
	at org.wso2.ballerinalang.compiler.bir.codegen.JvmPackageGen.getBirFunctionWrapper(JvmPackageGen.java:722)
	at org.wso2.ballerinalang.compiler.bir.codegen.JvmPackageGen.linkModuleFunctions(JvmPackageGen.java:707)
	at org.wso2.ballerinalang.compiler.bir.codegen.JvmPackageGen.generateClassNameLinking(JvmPackageGen.java:547)
	at org.wso2.ballerinalang.compiler.bir.codegen.JvmPackageGen.generate(JvmPackageGen.java:401)
	at org.wso2.ballerinalang.compiler.bir.codegen.CodeGenerator.generate(CodeGenerator.java:157)
	at org.wso2.ballerinalang.compiler.bir.codegen.CodeGenerator.generate(CodeGenerator.java:127)
	at org.wso2.ballerinalang.compiler.CompilerDriver.codeGen(CompilerDriver.java:317)
	at org.wso2.ballerinalang.compiler.CompilerDriver.compile(CompilerDriver.java:313)
	at org.wso2.ballerinalang.compiler.CompilerDriver.compilePackageSymbol(CompilerDriver.java:250)
	at org.wso2.ballerinalang.compiler.CompilerDriver.compilePackage(CompilerDriver.java:142)
	at org.wso2.ballerinalang.compiler.Compiler.compilePackages(Compiler.java:176)
	at org.wso2.ballerinalang.compiler.Compiler.compilePackage(Compiler.java:220)
	at org.wso2.ballerinalang.compiler.Compiler.compile(Compiler.java:101)
	at org.wso2.ballerinalang.compiler.Compiler.build(Compiler.java:109)
	at org.ballerinalang.packerina.task.CompileTask.execute(CompileTask.java:65)
	at org.ballerinalang.packerina.TaskExecutor.executeTasks(TaskExecutor.java:38)
	at org.ballerinalang.packerina.cmd.BuildCommand.execute(BuildCommand.java:436)
	at java.util.Optional.ifPresent(Optional.java:159)
	at org.ballerinalang.tool.Main.main(Main.java:57)
Caused by: java.lang.ClassNotFoundException: org.ballerinalang.jvm.values.api.BString
	at java.net.URLClassLoader.findClass(URLClassLoader.java:382)
	at java.lang.ClassLoader.loadClass(ClassLoader.java:424)
	at java.lang.ClassLoader.loadClass(ClassLoader.java:357)
	... 30 more
 
[2020-11-05 09:32:40,989] SEVERE {b7a.log.crash} - org/ballerinalang/jvm/values/api/BString 
java.lang.NoClassDefFoundError: org/ballerinalang/jvm/values/api/BString
	at java.lang.Class.getDeclaredMethods0(Native Method)
	at java.lang.Class.privateGetDeclaredMethods(Class.java:2701)
	at java.lang.Class.privateGetPublicMethods(Class.java:2902)
	at java.lang.Class.getMethods(Class.java:1615)
	at org.wso2.ballerinalang.compiler.bir.codegen.interop.JMethodResolver.getExecutables(JMethodResolver.java:705)
	at org.wso2.ballerinalang.compiler.bir.codegen.interop.JMethodResolver.resolveByMethodName(JMethodResolver.java:134)
	at org.wso2.ballerinalang.compiler.bir.codegen.interop.JMethodResolver.resolve(JMethodResolver.java:104)
	at org.wso2.ballerinalang.compiler.bir.codegen.interop.InteropValidator.validateAndGetJMethod(InteropValidator.java:56)
	at org.wso2.ballerinalang.compiler.bir.codegen.interop.InteropMethodGen.createJMethodWrapper(InteropMethodGen.java:779)
	at org.wso2.ballerinalang.compiler.bir.codegen.interop.InteropMethodGen.createJInteropFunctionWrapper(InteropMethodGen.java:767)
	at org.wso2.ballerinalang.compiler.bir.codegen.interop.ExternalMethodGen.createExternalFunctionWrapper(ExternalMethodGen.java:272)
	at org.wso2.ballerinalang.compiler.bir.codegen.JvmPackageGen.getBirFunctionWrapper(JvmPackageGen.java:722)
	at org.wso2.ballerinalang.compiler.bir.codegen.JvmPackageGen.linkModuleFunctions(JvmPackageGen.java:707)
	at org.wso2.ballerinalang.compiler.bir.codegen.JvmPackageGen.generateClassNameLinking(JvmPackageGen.java:547)
	at org.wso2.ballerinalang.compiler.bir.codegen.JvmPackageGen.generate(JvmPackageGen.java:401)
	at org.wso2.ballerinalang.compiler.bir.codegen.CodeGenerator.generate(CodeGenerator.java:157)
	at org.wso2.ballerinalang.compiler.bir.codegen.CodeGenerator.generate(CodeGenerator.java:127)
	at org.wso2.ballerinalang.compiler.CompilerDriver.codeGen(CompilerDriver.java:317)
	at org.wso2.ballerinalang.compiler.CompilerDriver.compile(CompilerDriver.java:313)
	at org.wso2.ballerinalang.compiler.CompilerDriver.compilePackageSymbol(CompilerDriver.java:250)
	at org.wso2.ballerinalang.compiler.CompilerDriver.compilePackage(CompilerDriver.java:142)
	at org.wso2.ballerinalang.compiler.Compiler.compilePackages(Compiler.java:176)
	at org.wso2.ballerinalang.compiler.Compiler.compilePackage(Compiler.java:220)
	at org.wso2.ballerinalang.compiler.Compiler.compile(Compiler.java:101)
	at org.wso2.ballerinalang.compiler.Compiler.build(Compiler.java:109)
	at org.ballerinalang.packerina.task.CompileTask.execute(CompileTask.java:65)
	at org.ballerinalang.packerina.TaskExecutor.executeTasks(TaskExecutor.java:38)
	at org.ballerinalang.packerina.cmd.BuildCommand.execute(BuildCommand.java:436)
	at java.util.Optional.ifPresent(Optional.java:159)
	at org.ballerinalang.tool.Main.main(Main.java:57)
Caused by: java.lang.ClassNotFoundException: org.ballerinalang.jvm.values.api.BString
	at java.net.URLClassLoader.findClass(URLClassLoader.java:382)
	at java.lang.ClassLoader.loadClass(ClassLoader.java:424)
	at java.lang.ClassLoader.loadClass(ClassLoader.java:357)
	... 30 more
 
[2020-11-05 09:38:00,994] SEVERE {b7a.log.crash} - org/ballerinalang/jvm/values/api/BString 
java.lang.NoClassDefFoundError: org/ballerinalang/jvm/values/api/BString
	at java.lang.Class.getDeclaredMethods0(Native Method)
	at java.lang.Class.privateGetDeclaredMethods(Class.java:2701)
	at java.lang.Class.privateGetPublicMethods(Class.java:2902)
	at java.lang.Class.getMethods(Class.java:1615)
	at org.wso2.ballerinalang.compiler.bir.codegen.interop.JMethodResolver.getExecutables(JMethodResolver.java:705)
	at org.wso2.ballerinalang.compiler.bir.codegen.interop.JMethodResolver.resolveByMethodName(JMethodResolver.java:134)
	at org.wso2.ballerinalang.compiler.bir.codegen.interop.JMethodResolver.resolve(JMethodResolver.java:104)
	at org.wso2.ballerinalang.compiler.bir.codegen.interop.InteropValidator.validateAndGetJMethod(InteropValidator.java:56)
	at org.wso2.ballerinalang.compiler.bir.codegen.interop.InteropMethodGen.createJMethodWrapper(InteropMethodGen.java:779)
	at org.wso2.ballerinalang.compiler.bir.codegen.interop.InteropMethodGen.createJInteropFunctionWrapper(InteropMethodGen.java:767)
	at org.wso2.ballerinalang.compiler.bir.codegen.interop.ExternalMethodGen.createExternalFunctionWrapper(ExternalMethodGen.java:272)
	at org.wso2.ballerinalang.compiler.bir.codegen.JvmPackageGen.getBirFunctionWrapper(JvmPackageGen.java:722)
	at org.wso2.ballerinalang.compiler.bir.codegen.JvmPackageGen.linkModuleFunctions(JvmPackageGen.java:707)
	at org.wso2.ballerinalang.compiler.bir.codegen.JvmPackageGen.generateClassNameLinking(JvmPackageGen.java:547)
	at org.wso2.ballerinalang.compiler.bir.codegen.JvmPackageGen.generate(JvmPackageGen.java:401)
	at org.wso2.ballerinalang.compiler.bir.codegen.CodeGenerator.generate(CodeGenerator.java:157)
	at org.wso2.ballerinalang.compiler.bir.codegen.CodeGenerator.generate(CodeGenerator.java:127)
	at org.wso2.ballerinalang.compiler.CompilerDriver.codeGen(CompilerDriver.java:317)
	at org.wso2.ballerinalang.compiler.CompilerDriver.compile(CompilerDriver.java:313)
	at org.wso2.ballerinalang.compiler.CompilerDriver.compilePackageSymbol(CompilerDriver.java:250)
	at org.wso2.ballerinalang.compiler.CompilerDriver.compilePackage(CompilerDriver.java:142)
	at org.wso2.ballerinalang.compiler.Compiler.compilePackages(Compiler.java:176)
	at org.wso2.ballerinalang.compiler.Compiler.compilePackage(Compiler.java:220)
	at org.wso2.ballerinalang.compiler.Compiler.compile(Compiler.java:101)
	at org.wso2.ballerinalang.compiler.Compiler.build(Compiler.java:109)
	at org.ballerinalang.packerina.task.CompileTask.execute(CompileTask.java:65)
	at org.ballerinalang.packerina.TaskExecutor.executeTasks(TaskExecutor.java:38)
	at org.ballerinalang.packerina.cmd.BuildCommand.execute(BuildCommand.java:436)
	at java.util.Optional.ifPresent(Optional.java:159)
	at org.ballerinalang.tool.Main.main(Main.java:57)
Caused by: java.lang.ClassNotFoundException: org.ballerinalang.jvm.values.api.BString
	at java.net.URLClassLoader.findClass(URLClassLoader.java:382)
	at java.lang.ClassLoader.loadClass(ClassLoader.java:424)
	at java.lang.ClassLoader.loadClass(ClassLoader.java:357)
	... 30 more
 
[2020-11-05 09:41:08,565] SEVERE {b7a.log.crash} - org/ballerinalang/jvm/values/api/BString 
java.lang.NoClassDefFoundError: org/ballerinalang/jvm/values/api/BString
	at java.lang.Class.getDeclaredMethods0(Native Method)
	at java.lang.Class.privateGetDeclaredMethods(Class.java:2701)
	at java.lang.Class.privateGetPublicMethods(Class.java:2902)
	at java.lang.Class.getMethods(Class.java:1615)
	at org.wso2.ballerinalang.compiler.bir.codegen.interop.JMethodResolver.getExecutables(JMethodResolver.java:705)
	at org.wso2.ballerinalang.compiler.bir.codegen.interop.JMethodResolver.resolveByMethodName(JMethodResolver.java:134)
	at org.wso2.ballerinalang.compiler.bir.codegen.interop.JMethodResolver.resolve(JMethodResolver.java:104)
	at org.wso2.ballerinalang.compiler.bir.codegen.interop.InteropValidator.validateAndGetJMethod(InteropValidator.java:56)
	at org.wso2.ballerinalang.compiler.bir.codegen.interop.InteropMethodGen.createJMethodWrapper(InteropMethodGen.java:779)
	at org.wso2.ballerinalang.compiler.bir.codegen.interop.InteropMethodGen.createJInteropFunctionWrapper(InteropMethodGen.java:767)
	at org.wso2.ballerinalang.compiler.bir.codegen.interop.ExternalMethodGen.createExternalFunctionWrapper(ExternalMethodGen.java:272)
	at org.wso2.ballerinalang.compiler.bir.codegen.JvmPackageGen.getBirFunctionWrapper(JvmPackageGen.java:722)
	at org.wso2.ballerinalang.compiler.bir.codegen.JvmPackageGen.linkModuleFunctions(JvmPackageGen.java:707)
	at org.wso2.ballerinalang.compiler.bir.codegen.JvmPackageGen.generateClassNameLinking(JvmPackageGen.java:547)
	at org.wso2.ballerinalang.compiler.bir.codegen.JvmPackageGen.generate(JvmPackageGen.java:401)
	at org.wso2.ballerinalang.compiler.bir.codegen.CodeGenerator.generate(CodeGenerator.java:157)
	at org.wso2.ballerinalang.compiler.bir.codegen.CodeGenerator.generate(CodeGenerator.java:127)
	at org.wso2.ballerinalang.compiler.CompilerDriver.codeGen(CompilerDriver.java:317)
	at org.wso2.ballerinalang.compiler.CompilerDriver.compile(CompilerDriver.java:313)
	at org.wso2.ballerinalang.compiler.CompilerDriver.compilePackageSymbol(CompilerDriver.java:250)
	at org.wso2.ballerinalang.compiler.CompilerDriver.compilePackage(CompilerDriver.java:142)
	at org.wso2.ballerinalang.compiler.Compiler.compilePackages(Compiler.java:176)
	at org.wso2.ballerinalang.compiler.Compiler.compilePackage(Compiler.java:220)
	at org.wso2.ballerinalang.compiler.Compiler.compile(Compiler.java:101)
	at org.wso2.ballerinalang.compiler.Compiler.build(Compiler.java:109)
	at org.ballerinalang.packerina.task.CompileTask.execute(CompileTask.java:65)
	at org.ballerinalang.packerina.TaskExecutor.executeTasks(TaskExecutor.java:38)
	at org.ballerinalang.packerina.cmd.BuildCommand.execute(BuildCommand.java:436)
	at java.util.Optional.ifPresent(Optional.java:159)
	at org.ballerinalang.tool.Main.main(Main.java:57)
Caused by: java.lang.ClassNotFoundException: org.ballerinalang.jvm.values.api.BString
	at java.net.URLClassLoader.findClass(URLClassLoader.java:382)
	at java.lang.ClassLoader.loadClass(ClassLoader.java:424)
	at java.lang.ClassLoader.loadClass(ClassLoader.java:357)
	... 30 more
 
[2020-11-05 11:59:50,237] SEVERE {b7a.log.crash} - org/ballerinalang/jvm/values/api/BString 
java.lang.NoClassDefFoundError: org/ballerinalang/jvm/values/api/BString
	at java.lang.Class.getDeclaredMethods0(Native Method)
	at java.lang.Class.privateGetDeclaredMethods(Class.java:2701)
	at java.lang.Class.privateGetPublicMethods(Class.java:2902)
	at java.lang.Class.getMethods(Class.java:1615)
	at org.wso2.ballerinalang.compiler.bir.codegen.interop.JMethodResolver.getExecutables(JMethodResolver.java:705)
	at org.wso2.ballerinalang.compiler.bir.codegen.interop.JMethodResolver.resolveByMethodName(JMethodResolver.java:134)
	at org.wso2.ballerinalang.compiler.bir.codegen.interop.JMethodResolver.resolve(JMethodResolver.java:104)
	at org.wso2.ballerinalang.compiler.bir.codegen.interop.InteropValidator.validateAndGetJMethod(InteropValidator.java:56)
	at org.wso2.ballerinalang.compiler.bir.codegen.interop.InteropMethodGen.createJMethodWrapper(InteropMethodGen.java:779)
	at org.wso2.ballerinalang.compiler.bir.codegen.interop.InteropMethodGen.createJInteropFunctionWrapper(InteropMethodGen.java:767)
	at org.wso2.ballerinalang.compiler.bir.codegen.interop.ExternalMethodGen.createExternalFunctionWrapper(ExternalMethodGen.java:272)
	at org.wso2.ballerinalang.compiler.bir.codegen.JvmPackageGen.getBirFunctionWrapper(JvmPackageGen.java:722)
	at org.wso2.ballerinalang.compiler.bir.codegen.JvmPackageGen.linkModuleFunctions(JvmPackageGen.java:707)
	at org.wso2.ballerinalang.compiler.bir.codegen.JvmPackageGen.generateClassNameLinking(JvmPackageGen.java:547)
	at org.wso2.ballerinalang.compiler.bir.codegen.JvmPackageGen.generate(JvmPackageGen.java:401)
	at org.wso2.ballerinalang.compiler.bir.codegen.CodeGenerator.generate(CodeGenerator.java:157)
	at org.wso2.ballerinalang.compiler.bir.codegen.CodeGenerator.generate(CodeGenerator.java:127)
	at org.wso2.ballerinalang.compiler.CompilerDriver.codeGen(CompilerDriver.java:317)
	at org.wso2.ballerinalang.compiler.CompilerDriver.compile(CompilerDriver.java:313)
	at org.wso2.ballerinalang.compiler.CompilerDriver.compilePackageSymbol(CompilerDriver.java:250)
	at org.wso2.ballerinalang.compiler.CompilerDriver.compilePackage(CompilerDriver.java:142)
	at org.wso2.ballerinalang.compiler.Compiler.compilePackages(Compiler.java:176)
	at org.wso2.ballerinalang.compiler.Compiler.compilePackage(Compiler.java:220)
	at org.wso2.ballerinalang.compiler.Compiler.compile(Compiler.java:101)
	at org.wso2.ballerinalang.compiler.Compiler.build(Compiler.java:109)
	at org.ballerinalang.packerina.task.CompileTask.execute(CompileTask.java:65)
	at org.ballerinalang.packerina.TaskExecutor.executeTasks(TaskExecutor.java:38)
	at org.ballerinalang.packerina.cmd.BuildCommand.execute(BuildCommand.java:436)
	at java.util.Optional.ifPresent(Optional.java:159)
	at org.ballerinalang.tool.Main.main(Main.java:57)
Caused by: java.lang.ClassNotFoundException: org.ballerinalang.jvm.values.api.BString
	at java.net.URLClassLoader.findClass(URLClassLoader.java:382)
	at java.lang.ClassLoader.loadClass(ClassLoader.java:424)
	at java.lang.ClassLoader.loadClass(ClassLoader.java:357)
	... 30 more
 
