[2020-11-04 15:03:56,182] SEVERE {b7a.log.crash} - io.ballerinalang.compiler.internal.syntax.ExternalTreeNodeList cannot be cast to io.ballerinalang.compiler.syntax.tree.MetadataNode 
java.lang.ClassCastException: io.ballerinalang.compiler.internal.syntax.ExternalTreeNodeList cannot be cast to io.ballerinalang.compiler.syntax.tree.MetadataNode
	at java.util.Optional.map(Optional.java:215)
	at org.wso2.ballerinalang.compiler.parser.BLangNodeTransformer.getAnnotations(BLangNodeTransformer.java:480)
	at org.wso2.ballerinalang.compiler.parser.BLangNodeTransformer.transform(BLangNodeTransformer.java:549)
	at org.wso2.ballerinalang.compiler.parser.BLangNodeTransformer.transform(BLangNodeTransformer.java:435)
	at io.ballerinalang.compiler.syntax.tree.ModuleVariableDeclarationNode.apply(ModuleVariableDeclarationNode.java:67)
	at org.wso2.ballerinalang.compiler.parser.BLangNodeTransformer.transform(BLangNodeTransformer.java:530)
	at org.wso2.ballerinalang.compiler.parser.BLangNodeTransformer.transform(BLangNodeTransformer.java:435)
	at io.ballerinalang.compiler.syntax.tree.ModulePartNode.apply(ModulePartNode.java:54)
	at org.wso2.ballerinalang.compiler.parser.BLangNodeTransformer.accept(BLangNodeTransformer.java:460)
	at org.wso2.ballerinalang.compiler.parser.Parser.generateCompilationUnitNew(Parser.java:126)
	at org.wso2.ballerinalang.compiler.parser.Parser.parse(Parser.java:99)
	at org.wso2.ballerinalang.compiler.PackageLoader.parse(PackageLoader.java:487)
	at org.wso2.ballerinalang.compiler.PackageLoader.parseAndDefine(PackageLoader.java:458)
	at org.wso2.ballerinalang.compiler.PackageLoader.loadPackageSymbol(PackageLoader.java:431)
	at org.wso2.ballerinalang.compiler.semantics.analyzer.SymbolEnter.visit(SymbolEnter.java:790)
	at org.wso2.ballerinalang.compiler.tree.BLangImportPackage.accept(BLangImportPackage.java:80)
	at org.wso2.ballerinalang.compiler.semantics.analyzer.SymbolEnter.defineNode(SymbolEnter.java:243)
	at org.wso2.ballerinalang.compiler.semantics.analyzer.SymbolEnter.lambda$defineConstructs$1(SymbolEnter.java:301)
	at java.util.ArrayList.forEach(ArrayList.java:1257)
	at org.wso2.ballerinalang.compiler.semantics.analyzer.SymbolEnter.defineConstructs(SymbolEnter.java:295)
	at org.wso2.ballerinalang.compiler.semantics.analyzer.SymbolEnter.visit(SymbolEnter.java:282)
	at org.wso2.ballerinalang.compiler.tree.BLangPackage.accept(BLangPackage.java:158)
	at org.wso2.ballerinalang.compiler.semantics.analyzer.SymbolEnter.defineNode(SymbolEnter.java:243)
	at org.wso2.ballerinalang.compiler.semantics.analyzer.SymbolEnter.definePackage(SymbolEnter.java:236)
	at org.wso2.ballerinalang.compiler.PackageLoader.define(PackageLoader.java:464)
	at org.wso2.ballerinalang.compiler.PackageLoader.loadEntryPackage(PackageLoader.java:375)
	at org.wso2.ballerinalang.compiler.Compiler.compilePackages(Compiler.java:166)
	at org.wso2.ballerinalang.compiler.Compiler.compilePackage(Compiler.java:220)
	at org.wso2.ballerinalang.compiler.Compiler.compile(Compiler.java:101)
	at org.wso2.ballerinalang.compiler.Compiler.build(Compiler.java:109)
	at org.ballerinalang.packerina.task.CompileTask.execute(CompileTask.java:65)
	at org.ballerinalang.packerina.TaskExecutor.executeTasks(TaskExecutor.java:38)
	at org.ballerinalang.packerina.cmd.BuildCommand.execute(BuildCommand.java:436)
	at java.util.Optional.ifPresent(Optional.java:159)
	at org.ballerinalang.tool.Main.main(Main.java:57)
 
[2020-11-04 15:12:10,570] SEVERE {b7a.log.crash} - io.ballerinalang.compiler.internal.syntax.ExternalTreeNodeList cannot be cast to io.ballerinalang.compiler.syntax.tree.MetadataNode 
java.lang.ClassCastException: io.ballerinalang.compiler.internal.syntax.ExternalTreeNodeList cannot be cast to io.ballerinalang.compiler.syntax.tree.MetadataNode
	at java.util.Optional.map(Optional.java:215)
	at org.wso2.ballerinalang.compiler.parser.BLangNodeTransformer.getAnnotations(BLangNodeTransformer.java:480)
	at org.wso2.ballerinalang.compiler.parser.BLangNodeTransformer.transform(BLangNodeTransformer.java:549)
	at org.wso2.ballerinalang.compiler.parser.BLangNodeTransformer.transform(BLangNodeTransformer.java:435)
	at io.ballerinalang.compiler.syntax.tree.ModuleVariableDeclarationNode.apply(ModuleVariableDeclarationNode.java:67)
	at org.wso2.ballerinalang.compiler.parser.BLangNodeTransformer.transform(BLangNodeTransformer.java:530)
	at org.wso2.ballerinalang.compiler.parser.BLangNodeTransformer.transform(BLangNodeTransformer.java:435)
	at io.ballerinalang.compiler.syntax.tree.ModulePartNode.apply(ModulePartNode.java:54)
	at org.wso2.ballerinalang.compiler.parser.BLangNodeTransformer.accept(BLangNodeTransformer.java:460)
	at org.wso2.ballerinalang.compiler.parser.Parser.generateCompilationUnitNew(Parser.java:126)
	at org.wso2.ballerinalang.compiler.parser.Parser.parse(Parser.java:99)
	at org.wso2.ballerinalang.compiler.PackageLoader.parse(PackageLoader.java:487)
	at org.wso2.ballerinalang.compiler.PackageLoader.parseAndDefine(PackageLoader.java:458)
	at org.wso2.ballerinalang.compiler.PackageLoader.loadPackageSymbol(PackageLoader.java:431)
	at org.wso2.ballerinalang.compiler.semantics.analyzer.SymbolEnter.visit(SymbolEnter.java:790)
	at org.wso2.ballerinalang.compiler.tree.BLangImportPackage.accept(BLangImportPackage.java:80)
	at org.wso2.ballerinalang.compiler.semantics.analyzer.SymbolEnter.defineNode(SymbolEnter.java:243)
	at org.wso2.ballerinalang.compiler.semantics.analyzer.SymbolEnter.lambda$defineConstructs$1(SymbolEnter.java:301)
	at java.util.ArrayList.forEach(ArrayList.java:1257)
	at org.wso2.ballerinalang.compiler.semantics.analyzer.SymbolEnter.defineConstructs(SymbolEnter.java:295)
	at org.wso2.ballerinalang.compiler.semantics.analyzer.SymbolEnter.visit(SymbolEnter.java:282)
	at org.wso2.ballerinalang.compiler.tree.BLangPackage.accept(BLangPackage.java:158)
	at org.wso2.ballerinalang.compiler.semantics.analyzer.SymbolEnter.defineNode(SymbolEnter.java:243)
	at org.wso2.ballerinalang.compiler.semantics.analyzer.SymbolEnter.definePackage(SymbolEnter.java:236)
	at org.wso2.ballerinalang.compiler.PackageLoader.define(PackageLoader.java:464)
	at org.wso2.ballerinalang.compiler.PackageLoader.loadEntryPackage(PackageLoader.java:375)
	at org.wso2.ballerinalang.compiler.Compiler.compilePackages(Compiler.java:166)
	at org.wso2.ballerinalang.compiler.Compiler.compilePackage(Compiler.java:220)
	at org.wso2.ballerinalang.compiler.Compiler.compile(Compiler.java:101)
	at org.wso2.ballerinalang.compiler.Compiler.build(Compiler.java:109)
	at org.ballerinalang.packerina.task.CompileTask.execute(CompileTask.java:65)
	at org.ballerinalang.packerina.TaskExecutor.executeTasks(TaskExecutor.java:38)
	at org.ballerinalang.packerina.cmd.BuildCommand.execute(BuildCommand.java:436)
	at java.util.Optional.ifPresent(Optional.java:159)
	at org.ballerinalang.tool.Main.main(Main.java:57)
 
[2020-11-04 16:31:38,041] SEVERE {b7a.log.crash} - io.ballerinalang.compiler.internal.syntax.ExternalTreeNodeList cannot be cast to io.ballerinalang.compiler.syntax.tree.MetadataNode 
java.lang.ClassCastException: io.ballerinalang.compiler.internal.syntax.ExternalTreeNodeList cannot be cast to io.ballerinalang.compiler.syntax.tree.MetadataNode
	at java.util.Optional.map(Optional.java:215)
	at org.wso2.ballerinalang.compiler.parser.BLangNodeTransformer.getAnnotations(BLangNodeTransformer.java:480)
	at org.wso2.ballerinalang.compiler.parser.BLangNodeTransformer.transform(BLangNodeTransformer.java:549)
	at org.wso2.ballerinalang.compiler.parser.BLangNodeTransformer.transform(BLangNodeTransformer.java:435)
	at io.ballerinalang.compiler.syntax.tree.ModuleVariableDeclarationNode.apply(ModuleVariableDeclarationNode.java:67)
	at org.wso2.ballerinalang.compiler.parser.BLangNodeTransformer.transform(BLangNodeTransformer.java:530)
	at org.wso2.ballerinalang.compiler.parser.BLangNodeTransformer.transform(BLangNodeTransformer.java:435)
	at io.ballerinalang.compiler.syntax.tree.ModulePartNode.apply(ModulePartNode.java:54)
	at org.wso2.ballerinalang.compiler.parser.BLangNodeTransformer.accept(BLangNodeTransformer.java:460)
	at org.wso2.ballerinalang.compiler.parser.Parser.generateCompilationUnitNew(Parser.java:126)
	at org.wso2.ballerinalang.compiler.parser.Parser.parse(Parser.java:99)
	at org.wso2.ballerinalang.compiler.PackageLoader.parse(PackageLoader.java:487)
	at org.wso2.ballerinalang.compiler.PackageLoader.parseAndDefine(PackageLoader.java:458)
	at org.wso2.ballerinalang.compiler.PackageLoader.loadPackageSymbol(PackageLoader.java:431)
	at org.wso2.ballerinalang.compiler.semantics.analyzer.SymbolEnter.visit(SymbolEnter.java:790)
	at org.wso2.ballerinalang.compiler.tree.BLangImportPackage.accept(BLangImportPackage.java:80)
	at org.wso2.ballerinalang.compiler.semantics.analyzer.SymbolEnter.defineNode(SymbolEnter.java:243)
	at org.wso2.ballerinalang.compiler.semantics.analyzer.SymbolEnter.lambda$defineConstructs$1(SymbolEnter.java:301)
	at java.util.ArrayList.forEach(ArrayList.java:1257)
	at org.wso2.ballerinalang.compiler.semantics.analyzer.SymbolEnter.defineConstructs(SymbolEnter.java:295)
	at org.wso2.ballerinalang.compiler.semantics.analyzer.SymbolEnter.visit(SymbolEnter.java:282)
	at org.wso2.ballerinalang.compiler.tree.BLangPackage.accept(BLangPackage.java:158)
	at org.wso2.ballerinalang.compiler.semantics.analyzer.SymbolEnter.defineNode(SymbolEnter.java:243)
	at org.wso2.ballerinalang.compiler.semantics.analyzer.SymbolEnter.definePackage(SymbolEnter.java:236)
	at org.wso2.ballerinalang.compiler.PackageLoader.define(PackageLoader.java:464)
	at org.wso2.ballerinalang.compiler.PackageLoader.loadEntryPackage(PackageLoader.java:375)
	at org.wso2.ballerinalang.compiler.Compiler.compilePackages(Compiler.java:166)
	at org.wso2.ballerinalang.compiler.Compiler.compilePackage(Compiler.java:220)
	at org.wso2.ballerinalang.compiler.Compiler.compile(Compiler.java:101)
	at org.wso2.ballerinalang.compiler.Compiler.build(Compiler.java:109)
	at org.ballerinalang.packerina.task.CompileTask.execute(CompileTask.java:65)
	at org.ballerinalang.packerina.TaskExecutor.executeTasks(TaskExecutor.java:38)
	at org.ballerinalang.packerina.cmd.BuildCommand.execute(BuildCommand.java:436)
	at java.util.Optional.ifPresent(Optional.java:159)
	at org.ballerinalang.tool.Main.main(Main.java:57)
 
[2020-11-04 16:33:20,226] SEVERE {b7a.log.crash} - io.ballerinalang.compiler.internal.syntax.ExternalTreeNodeList cannot be cast to io.ballerinalang.compiler.syntax.tree.MetadataNode 
java.lang.ClassCastException: io.ballerinalang.compiler.internal.syntax.ExternalTreeNodeList cannot be cast to io.ballerinalang.compiler.syntax.tree.MetadataNode
	at java.util.Optional.map(Optional.java:215)
	at org.wso2.ballerinalang.compiler.parser.BLangNodeTransformer.getAnnotations(BLangNodeTransformer.java:480)
	at org.wso2.ballerinalang.compiler.parser.BLangNodeTransformer.transform(BLangNodeTransformer.java:549)
	at org.wso2.ballerinalang.compiler.parser.BLangNodeTransformer.transform(BLangNodeTransformer.java:435)
	at io.ballerinalang.compiler.syntax.tree.ModuleVariableDeclarationNode.apply(ModuleVariableDeclarationNode.java:67)
	at org.wso2.ballerinalang.compiler.parser.BLangNodeTransformer.transform(BLangNodeTransformer.java:530)
	at org.wso2.ballerinalang.compiler.parser.BLangNodeTransformer.transform(BLangNodeTransformer.java:435)
	at io.ballerinalang.compiler.syntax.tree.ModulePartNode.apply(ModulePartNode.java:54)
	at org.wso2.ballerinalang.compiler.parser.BLangNodeTransformer.accept(BLangNodeTransformer.java:460)
	at org.wso2.ballerinalang.compiler.parser.Parser.generateCompilationUnitNew(Parser.java:126)
	at org.wso2.ballerinalang.compiler.parser.Parser.parse(Parser.java:99)
	at org.wso2.ballerinalang.compiler.PackageLoader.parse(PackageLoader.java:487)
	at org.wso2.ballerinalang.compiler.PackageLoader.parseAndDefine(PackageLoader.java:458)
	at org.wso2.ballerinalang.compiler.PackageLoader.loadPackageSymbol(PackageLoader.java:431)
	at org.wso2.ballerinalang.compiler.semantics.analyzer.SymbolEnter.visit(SymbolEnter.java:790)
	at org.wso2.ballerinalang.compiler.tree.BLangImportPackage.accept(BLangImportPackage.java:80)
	at org.wso2.ballerinalang.compiler.semantics.analyzer.SymbolEnter.defineNode(SymbolEnter.java:243)
	at org.wso2.ballerinalang.compiler.semantics.analyzer.SymbolEnter.lambda$defineConstructs$1(SymbolEnter.java:301)
	at java.util.ArrayList.forEach(ArrayList.java:1257)
	at org.wso2.ballerinalang.compiler.semantics.analyzer.SymbolEnter.defineConstructs(SymbolEnter.java:295)
	at org.wso2.ballerinalang.compiler.semantics.analyzer.SymbolEnter.visit(SymbolEnter.java:282)
	at org.wso2.ballerinalang.compiler.tree.BLangPackage.accept(BLangPackage.java:158)
	at org.wso2.ballerinalang.compiler.semantics.analyzer.SymbolEnter.defineNode(SymbolEnter.java:243)
	at org.wso2.ballerinalang.compiler.semantics.analyzer.SymbolEnter.definePackage(SymbolEnter.java:236)
	at org.wso2.ballerinalang.compiler.PackageLoader.define(PackageLoader.java:464)
	at org.wso2.ballerinalang.compiler.PackageLoader.loadEntryPackage(PackageLoader.java:375)
	at org.wso2.ballerinalang.compiler.Compiler.compilePackages(Compiler.java:166)
	at org.wso2.ballerinalang.compiler.Compiler.compilePackage(Compiler.java:220)
	at org.wso2.ballerinalang.compiler.Compiler.compile(Compiler.java:101)
	at org.wso2.ballerinalang.compiler.Compiler.build(Compiler.java:109)
	at org.ballerinalang.packerina.task.CompileTask.execute(CompileTask.java:65)
	at org.ballerinalang.packerina.TaskExecutor.executeTasks(TaskExecutor.java:38)
	at org.ballerinalang.packerina.cmd.BuildCommand.execute(BuildCommand.java:436)
	at java.util.Optional.ifPresent(Optional.java:159)
	at org.ballerinalang.tool.Main.main(Main.java:57)
 
[2020-11-04 16:37:25,720] SEVERE {b7a.log.crash} - io.ballerinalang.compiler.internal.syntax.ExternalTreeNodeList cannot be cast to io.ballerinalang.compiler.syntax.tree.MetadataNode 
java.lang.ClassCastException: io.ballerinalang.compiler.internal.syntax.ExternalTreeNodeList cannot be cast to io.ballerinalang.compiler.syntax.tree.MetadataNode
	at java.util.Optional.map(Optional.java:215)
	at org.wso2.ballerinalang.compiler.parser.BLangNodeTransformer.getAnnotations(BLangNodeTransformer.java:480)
	at org.wso2.ballerinalang.compiler.parser.BLangNodeTransformer.transform(BLangNodeTransformer.java:549)
	at org.wso2.ballerinalang.compiler.parser.BLangNodeTransformer.transform(BLangNodeTransformer.java:435)
	at io.ballerinalang.compiler.syntax.tree.ModuleVariableDeclarationNode.apply(ModuleVariableDeclarationNode.java:67)
	at org.wso2.ballerinalang.compiler.parser.BLangNodeTransformer.transform(BLangNodeTransformer.java:530)
	at org.wso2.ballerinalang.compiler.parser.BLangNodeTransformer.transform(BLangNodeTransformer.java:435)
	at io.ballerinalang.compiler.syntax.tree.ModulePartNode.apply(ModulePartNode.java:54)
	at org.wso2.ballerinalang.compiler.parser.BLangNodeTransformer.accept(BLangNodeTransformer.java:460)
	at org.wso2.ballerinalang.compiler.parser.Parser.generateCompilationUnitNew(Parser.java:126)
	at org.wso2.ballerinalang.compiler.parser.Parser.parse(Parser.java:99)
	at org.wso2.ballerinalang.compiler.PackageLoader.parse(PackageLoader.java:487)
	at org.wso2.ballerinalang.compiler.PackageLoader.parseAndDefine(PackageLoader.java:458)
	at org.wso2.ballerinalang.compiler.PackageLoader.loadPackageSymbol(PackageLoader.java:431)
	at org.wso2.ballerinalang.compiler.semantics.analyzer.SymbolEnter.visit(SymbolEnter.java:790)
	at org.wso2.ballerinalang.compiler.tree.BLangImportPackage.accept(BLangImportPackage.java:80)
	at org.wso2.ballerinalang.compiler.semantics.analyzer.SymbolEnter.defineNode(SymbolEnter.java:243)
	at org.wso2.ballerinalang.compiler.semantics.analyzer.SymbolEnter.lambda$defineConstructs$1(SymbolEnter.java:301)
	at java.util.ArrayList.forEach(ArrayList.java:1257)
	at org.wso2.ballerinalang.compiler.semantics.analyzer.SymbolEnter.defineConstructs(SymbolEnter.java:295)
	at org.wso2.ballerinalang.compiler.semantics.analyzer.SymbolEnter.visit(SymbolEnter.java:282)
	at org.wso2.ballerinalang.compiler.tree.BLangPackage.accept(BLangPackage.java:158)
	at org.wso2.ballerinalang.compiler.semantics.analyzer.SymbolEnter.defineNode(SymbolEnter.java:243)
	at org.wso2.ballerinalang.compiler.semantics.analyzer.SymbolEnter.definePackage(SymbolEnter.java:236)
	at org.wso2.ballerinalang.compiler.PackageLoader.define(PackageLoader.java:464)
	at org.wso2.ballerinalang.compiler.PackageLoader.loadEntryPackage(PackageLoader.java:375)
	at org.wso2.ballerinalang.compiler.Compiler.compilePackages(Compiler.java:166)
	at org.wso2.ballerinalang.compiler.Compiler.compilePackage(Compiler.java:220)
	at org.wso2.ballerinalang.compiler.Compiler.compile(Compiler.java:101)
	at org.wso2.ballerinalang.compiler.Compiler.build(Compiler.java:109)
	at org.ballerinalang.packerina.task.CompileTask.execute(CompileTask.java:65)
	at org.ballerinalang.packerina.TaskExecutor.executeTasks(TaskExecutor.java:38)
	at org.ballerinalang.packerina.cmd.BuildCommand.execute(BuildCommand.java:436)
	at java.util.Optional.ifPresent(Optional.java:159)
	at org.ballerinalang.tool.Main.main(Main.java:57)
 
[2020-11-04 16:56:53,484] SEVERE {b7a.log.crash} - io.ballerinalang.compiler.internal.syntax.ExternalTreeNodeList cannot be cast to io.ballerinalang.compiler.syntax.tree.MetadataNode 
java.lang.ClassCastException: io.ballerinalang.compiler.internal.syntax.ExternalTreeNodeList cannot be cast to io.ballerinalang.compiler.syntax.tree.MetadataNode
	at java.util.Optional.map(Optional.java:215)
	at org.wso2.ballerinalang.compiler.parser.BLangNodeTransformer.getAnnotations(BLangNodeTransformer.java:480)
	at org.wso2.ballerinalang.compiler.parser.BLangNodeTransformer.transform(BLangNodeTransformer.java:549)
	at org.wso2.ballerinalang.compiler.parser.BLangNodeTransformer.transform(BLangNodeTransformer.java:435)
	at io.ballerinalang.compiler.syntax.tree.ModuleVariableDeclarationNode.apply(ModuleVariableDeclarationNode.java:67)
	at org.wso2.ballerinalang.compiler.parser.BLangNodeTransformer.transform(BLangNodeTransformer.java:530)
	at org.wso2.ballerinalang.compiler.parser.BLangNodeTransformer.transform(BLangNodeTransformer.java:435)
	at io.ballerinalang.compiler.syntax.tree.ModulePartNode.apply(ModulePartNode.java:54)
	at org.wso2.ballerinalang.compiler.parser.BLangNodeTransformer.accept(BLangNodeTransformer.java:460)
	at org.wso2.ballerinalang.compiler.parser.Parser.generateCompilationUnitNew(Parser.java:126)
	at org.wso2.ballerinalang.compiler.parser.Parser.parse(Parser.java:99)
	at org.wso2.ballerinalang.compiler.PackageLoader.parse(PackageLoader.java:487)
	at org.wso2.ballerinalang.compiler.PackageLoader.parseAndDefine(PackageLoader.java:458)
	at org.wso2.ballerinalang.compiler.PackageLoader.loadPackageSymbol(PackageLoader.java:431)
	at org.wso2.ballerinalang.compiler.semantics.analyzer.SymbolEnter.visit(SymbolEnter.java:790)
	at org.wso2.ballerinalang.compiler.tree.BLangImportPackage.accept(BLangImportPackage.java:80)
	at org.wso2.ballerinalang.compiler.semantics.analyzer.SymbolEnter.defineNode(SymbolEnter.java:243)
	at org.wso2.ballerinalang.compiler.semantics.analyzer.SymbolEnter.lambda$defineConstructs$1(SymbolEnter.java:301)
	at java.util.ArrayList.forEach(ArrayList.java:1257)
	at org.wso2.ballerinalang.compiler.semantics.analyzer.SymbolEnter.defineConstructs(SymbolEnter.java:295)
	at org.wso2.ballerinalang.compiler.semantics.analyzer.SymbolEnter.visit(SymbolEnter.java:282)
	at org.wso2.ballerinalang.compiler.tree.BLangPackage.accept(BLangPackage.java:158)
	at org.wso2.ballerinalang.compiler.semantics.analyzer.SymbolEnter.defineNode(SymbolEnter.java:243)
	at org.wso2.ballerinalang.compiler.semantics.analyzer.SymbolEnter.definePackage(SymbolEnter.java:236)
	at org.wso2.ballerinalang.compiler.PackageLoader.define(PackageLoader.java:464)
	at org.wso2.ballerinalang.compiler.PackageLoader.loadEntryPackage(PackageLoader.java:375)
	at org.wso2.ballerinalang.compiler.Compiler.compilePackages(Compiler.java:166)
	at org.wso2.ballerinalang.compiler.Compiler.compilePackage(Compiler.java:220)
	at org.wso2.ballerinalang.compiler.Compiler.compile(Compiler.java:101)
	at org.wso2.ballerinalang.compiler.Compiler.build(Compiler.java:109)
	at org.ballerinalang.packerina.task.CompileTask.execute(CompileTask.java:65)
	at org.ballerinalang.packerina.TaskExecutor.executeTasks(TaskExecutor.java:38)
	at org.ballerinalang.packerina.cmd.BuildCommand.execute(BuildCommand.java:436)
	at java.util.Optional.ifPresent(Optional.java:159)
	at org.ballerinalang.tool.Main.main(Main.java:57)
 
