[2020-10-27 12:55:19,297] SEVERE {b7a.log.crash} - org.wso2.ballerinalang.compiler.tree.statements.BLangWorkerSend cannot be cast to org.wso2.ballerinalang.compiler.tree.expressions.BLangExpression 
java.lang.ClassCastException: org.wso2.ballerinalang.compiler.tree.statements.BLangWorkerSend cannot be cast to org.wso2.ballerinalang.compiler.tree.expressions.BLangExpression
	at org.wso2.ballerinalang.compiler.parser.BLangNodeTransformer.createExpression(BLangNodeTransformer.java:4189)
	at org.wso2.ballerinalang.compiler.parser.BLangNodeTransformer.createBLangVarDef(BLangNodeTransformer.java:2644)
	at org.wso2.ballerinalang.compiler.parser.BLangNodeTransformer.transform(BLangNodeTransformer.java:2613)
	at org.wso2.ballerinalang.compiler.parser.BLangNodeTransformer.transform(BLangNodeTransformer.java:435)
	at io.ballerinalang.compiler.syntax.tree.VariableDeclarationNode.apply(VariableDeclarationNode.java:67)
	at org.wso2.ballerinalang.compiler.parser.BLangNodeTransformer.generateAndAddBLangStatements(BLangNodeTransformer.java:4100)
	at org.wso2.ballerinalang.compiler.parser.BLangNodeTransformer.transform(BLangNodeTransformer.java:1428)
	at org.wso2.ballerinalang.compiler.parser.BLangNodeTransformer.transform(BLangNodeTransformer.java:435)
	at io.ballerinalang.compiler.syntax.tree.FunctionBodyBlockNode.apply(FunctionBodyBlockNode.java:59)
	at org.wso2.ballerinalang.compiler.parser.BLangNodeTransformer.createFunctionNode(BLangNodeTransformer.java:1335)
	at org.wso2.ballerinalang.compiler.parser.BLangNodeTransformer.transform(BLangNodeTransformer.java:1306)
	at org.wso2.ballerinalang.compiler.parser.BLangNodeTransformer.transform(BLangNodeTransformer.java:435)
	at io.ballerinalang.compiler.syntax.tree.FunctionDefinitionNode.apply(FunctionDefinitionNode.java:67)
	at org.wso2.ballerinalang.compiler.parser.BLangNodeTransformer.transform(BLangNodeTransformer.java:530)
	at org.wso2.ballerinalang.compiler.parser.BLangNodeTransformer.transform(BLangNodeTransformer.java:435)
	at io.ballerinalang.compiler.syntax.tree.ModulePartNode.apply(ModulePartNode.java:54)
	at org.wso2.ballerinalang.compiler.parser.BLangNodeTransformer.accept(BLangNodeTransformer.java:460)
	at org.wso2.ballerinalang.compiler.parser.Parser.generateCompilationUnitNew(Parser.java:126)
	at org.wso2.ballerinalang.compiler.parser.Parser.parse(Parser.java:99)
	at org.wso2.ballerinalang.compiler.PackageLoader.parse(PackageLoader.java:487)
	at org.wso2.ballerinalang.compiler.PackageLoader.loadEntryPackage(PackageLoader.java:374)
	at org.wso2.ballerinalang.compiler.Compiler.compilePackages(Compiler.java:166)
	at org.wso2.ballerinalang.compiler.Compiler.compilePackage(Compiler.java:220)
	at org.wso2.ballerinalang.compiler.Compiler.compile(Compiler.java:101)
	at org.wso2.ballerinalang.compiler.Compiler.build(Compiler.java:109)
	at org.ballerinalang.packerina.task.CompileTask.execute(CompileTask.java:58)
	at org.ballerinalang.packerina.TaskExecutor.executeTasks(TaskExecutor.java:38)
	at org.ballerinalang.packerina.cmd.RunCommand.execute(RunCommand.java:297)
	at java.util.Optional.ifPresent(Optional.java:159)
	at org.ballerinalang.tool.Main.main(Main.java:57)
 
