[2020-10-26 01:08:01,222] SEVERE {b7a.log.crash} - null 
java.lang.NullPointerException
	at org.wso2.ballerinalang.compiler.semantics.analyzer.SymbolEnter.lambda$resolveFields$31(SymbolEnter.java:1971)
	at java.util.stream.ReferencePipeline$2$1.accept(ReferencePipeline.java:174)
	at java.util.stream.ReferencePipeline$11$1.accept(ReferencePipeline.java:373)
	at java.util.ArrayList$ArrayListSpliterator.forEachRemaining(ArrayList.java:1382)
	at java.util.stream.AbstractPipeline.copyInto(AbstractPipeline.java:481)
	at java.util.stream.AbstractPipeline.wrapAndCopyInto(AbstractPipeline.java:471)
	at java.util.stream.ReduceOps$ReduceOp.evaluateSequential(ReduceOps.java:708)
	at java.util.stream.AbstractPipeline.evaluate(AbstractPipeline.java:234)
	at java.util.stream.ReferencePipeline.collect(ReferencePipeline.java:499)
	at org.wso2.ballerinalang.compiler.semantics.analyzer.SymbolEnter.resolveFields(SymbolEnter.java:1973)
	at org.wso2.ballerinalang.compiler.semantics.analyzer.SymbolEnter.defineFieldsOfObjectOrRecordTypeDef(SymbolEnter.java:1941)
	at org.wso2.ballerinalang.compiler.semantics.analyzer.SymbolEnter.defineFields(SymbolEnter.java:1907)
	at org.wso2.ballerinalang.compiler.semantics.analyzer.SymbolEnter.defineConstructs(SymbolEnter.java:369)
	at org.wso2.ballerinalang.compiler.semantics.analyzer.SymbolEnter.visit(SymbolEnter.java:282)
	at org.wso2.ballerinalang.compiler.tree.BLangPackage.accept(BLangPackage.java:158)
	at org.wso2.ballerinalang.compiler.semantics.analyzer.SymbolEnter.defineNode(SymbolEnter.java:243)
	at org.wso2.ballerinalang.compiler.semantics.analyzer.SymbolEnter.definePackage(SymbolEnter.java:236)
	at org.wso2.ballerinalang.compiler.PackageLoader.define(PackageLoader.java:464)
	at org.wso2.ballerinalang.compiler.PackageLoader.loadEntryPackage(PackageLoader.java:375)
	at org.wso2.ballerinalang.compiler.Compiler.compilePackages(Compiler.java:166)
	at org.wso2.ballerinalang.compiler.Compiler.compilePackage(Compiler.java:220)
	at org.wso2.ballerinalang.compiler.Compiler.compile(Compiler.java:101)
	at org.wso2.ballerinalang.compiler.Compiler.build(Compiler.java:109)
	at org.ballerinalang.packerina.task.CompileTask.execute(CompileTask.java:58)
	at org.ballerinalang.packerina.TaskExecutor.executeTasks(TaskExecutor.java:38)
	at org.ballerinalang.packerina.cmd.RunCommand.execute(RunCommand.java:297)
	at java.util.Optional.ifPresent(Optional.java:159)
	at org.ballerinalang.tool.Main.main(Main.java:57)
 
[2020-10-26 01:10:15,457] SEVERE {b7a.log.crash} - null 
java.lang.NullPointerException
	at org.wso2.ballerinalang.compiler.semantics.analyzer.SymbolEnter.lambda$resolveFields$31(SymbolEnter.java:1971)
	at java.util.stream.ReferencePipeline$2$1.accept(ReferencePipeline.java:174)
	at java.util.stream.ReferencePipeline$11$1.accept(ReferencePipeline.java:373)
	at java.util.ArrayList$ArrayListSpliterator.forEachRemaining(ArrayList.java:1382)
	at java.util.stream.AbstractPipeline.copyInto(AbstractPipeline.java:481)
	at java.util.stream.AbstractPipeline.wrapAndCopyInto(AbstractPipeline.java:471)
	at java.util.stream.ReduceOps$ReduceOp.evaluateSequential(ReduceOps.java:708)
	at java.util.stream.AbstractPipeline.evaluate(AbstractPipeline.java:234)
	at java.util.stream.ReferencePipeline.collect(ReferencePipeline.java:499)
	at org.wso2.ballerinalang.compiler.semantics.analyzer.SymbolEnter.resolveFields(SymbolEnter.java:1973)
	at org.wso2.ballerinalang.compiler.semantics.analyzer.SymbolEnter.defineFieldsOfObjectOrRecordTypeDef(SymbolEnter.java:1941)
	at org.wso2.ballerinalang.compiler.semantics.analyzer.SymbolEnter.defineFields(SymbolEnter.java:1907)
	at org.wso2.ballerinalang.compiler.semantics.analyzer.SymbolEnter.defineConstructs(SymbolEnter.java:369)
	at org.wso2.ballerinalang.compiler.semantics.analyzer.SymbolEnter.visit(SymbolEnter.java:282)
	at org.wso2.ballerinalang.compiler.tree.BLangPackage.accept(BLangPackage.java:158)
	at org.wso2.ballerinalang.compiler.semantics.analyzer.SymbolEnter.defineNode(SymbolEnter.java:243)
	at org.wso2.ballerinalang.compiler.semantics.analyzer.SymbolEnter.definePackage(SymbolEnter.java:236)
	at org.wso2.ballerinalang.compiler.PackageLoader.define(PackageLoader.java:464)
	at org.wso2.ballerinalang.compiler.PackageLoader.loadEntryPackage(PackageLoader.java:375)
	at org.wso2.ballerinalang.compiler.Compiler.compilePackages(Compiler.java:166)
	at org.wso2.ballerinalang.compiler.Compiler.compilePackage(Compiler.java:220)
	at org.wso2.ballerinalang.compiler.Compiler.compile(Compiler.java:101)
	at org.wso2.ballerinalang.compiler.Compiler.build(Compiler.java:109)
	at org.ballerinalang.packerina.task.CompileTask.execute(CompileTask.java:58)
	at org.ballerinalang.packerina.TaskExecutor.executeTasks(TaskExecutor.java:38)
	at org.ballerinalang.packerina.cmd.RunCommand.execute(RunCommand.java:297)
	at java.util.Optional.ifPresent(Optional.java:159)
	at org.ballerinalang.tool.Main.main(Main.java:57)
 
[2020-10-26 01:12:10,374] SEVERE {b7a.log.crash} - null 
java.lang.NullPointerException
	at org.wso2.ballerinalang.compiler.semantics.analyzer.SymbolEnter.lambda$resolveFields$31(SymbolEnter.java:1971)
	at java.util.stream.ReferencePipeline$2$1.accept(ReferencePipeline.java:174)
	at java.util.stream.ReferencePipeline$11$1.accept(ReferencePipeline.java:373)
	at java.util.ArrayList$ArrayListSpliterator.forEachRemaining(ArrayList.java:1382)
	at java.util.stream.AbstractPipeline.copyInto(AbstractPipeline.java:481)
	at java.util.stream.AbstractPipeline.wrapAndCopyInto(AbstractPipeline.java:471)
	at java.util.stream.ReduceOps$ReduceOp.evaluateSequential(ReduceOps.java:708)
	at java.util.stream.AbstractPipeline.evaluate(AbstractPipeline.java:234)
	at java.util.stream.ReferencePipeline.collect(ReferencePipeline.java:499)
	at org.wso2.ballerinalang.compiler.semantics.analyzer.SymbolEnter.resolveFields(SymbolEnter.java:1973)
	at org.wso2.ballerinalang.compiler.semantics.analyzer.SymbolEnter.defineFieldsOfObjectOrRecordTypeDef(SymbolEnter.java:1941)
	at org.wso2.ballerinalang.compiler.semantics.analyzer.SymbolEnter.defineFields(SymbolEnter.java:1907)
	at org.wso2.ballerinalang.compiler.semantics.analyzer.SymbolEnter.defineConstructs(SymbolEnter.java:369)
	at org.wso2.ballerinalang.compiler.semantics.analyzer.SymbolEnter.visit(SymbolEnter.java:282)
	at org.wso2.ballerinalang.compiler.tree.BLangPackage.accept(BLangPackage.java:158)
	at org.wso2.ballerinalang.compiler.semantics.analyzer.SymbolEnter.defineNode(SymbolEnter.java:243)
	at org.wso2.ballerinalang.compiler.semantics.analyzer.SymbolEnter.definePackage(SymbolEnter.java:236)
	at org.wso2.ballerinalang.compiler.PackageLoader.define(PackageLoader.java:464)
	at org.wso2.ballerinalang.compiler.PackageLoader.loadEntryPackage(PackageLoader.java:375)
	at org.wso2.ballerinalang.compiler.Compiler.compilePackages(Compiler.java:166)
	at org.wso2.ballerinalang.compiler.Compiler.compilePackage(Compiler.java:220)
	at org.wso2.ballerinalang.compiler.Compiler.compile(Compiler.java:101)
	at org.wso2.ballerinalang.compiler.Compiler.build(Compiler.java:109)
	at org.ballerinalang.packerina.task.CompileTask.execute(CompileTask.java:58)
	at org.ballerinalang.packerina.TaskExecutor.executeTasks(TaskExecutor.java:38)
	at org.ballerinalang.packerina.cmd.RunCommand.execute(RunCommand.java:297)
	at java.util.Optional.ifPresent(Optional.java:159)
	at org.ballerinalang.tool.Main.main(Main.java:57)
 
[2020-10-26 01:17:59,897] SEVERE {b7a.log.crash} - null 
java.lang.NullPointerException
	at org.wso2.ballerinalang.compiler.semantics.analyzer.SymbolEnter.lambda$resolveFields$31(SymbolEnter.java:1971)
	at java.util.stream.ReferencePipeline$2$1.accept(ReferencePipeline.java:174)
	at java.util.stream.ReferencePipeline$11$1.accept(ReferencePipeline.java:373)
	at java.util.ArrayList$ArrayListSpliterator.forEachRemaining(ArrayList.java:1382)
	at java.util.stream.AbstractPipeline.copyInto(AbstractPipeline.java:481)
	at java.util.stream.AbstractPipeline.wrapAndCopyInto(AbstractPipeline.java:471)
	at java.util.stream.ReduceOps$ReduceOp.evaluateSequential(ReduceOps.java:708)
	at java.util.stream.AbstractPipeline.evaluate(AbstractPipeline.java:234)
	at java.util.stream.ReferencePipeline.collect(ReferencePipeline.java:499)
	at org.wso2.ballerinalang.compiler.semantics.analyzer.SymbolEnter.resolveFields(SymbolEnter.java:1973)
	at org.wso2.ballerinalang.compiler.semantics.analyzer.SymbolEnter.defineFieldsOfObjectOrRecordTypeDef(SymbolEnter.java:1941)
	at org.wso2.ballerinalang.compiler.semantics.analyzer.SymbolEnter.defineFields(SymbolEnter.java:1907)
	at org.wso2.ballerinalang.compiler.semantics.analyzer.SymbolEnter.defineConstructs(SymbolEnter.java:369)
	at org.wso2.ballerinalang.compiler.semantics.analyzer.SymbolEnter.visit(SymbolEnter.java:282)
	at org.wso2.ballerinalang.compiler.tree.BLangPackage.accept(BLangPackage.java:158)
	at org.wso2.ballerinalang.compiler.semantics.analyzer.SymbolEnter.defineNode(SymbolEnter.java:243)
	at org.wso2.ballerinalang.compiler.semantics.analyzer.SymbolEnter.definePackage(SymbolEnter.java:236)
	at org.wso2.ballerinalang.compiler.PackageLoader.define(PackageLoader.java:464)
	at org.wso2.ballerinalang.compiler.PackageLoader.loadEntryPackage(PackageLoader.java:375)
	at org.wso2.ballerinalang.compiler.Compiler.compilePackages(Compiler.java:166)
	at org.wso2.ballerinalang.compiler.Compiler.compilePackage(Compiler.java:220)
	at org.wso2.ballerinalang.compiler.Compiler.compile(Compiler.java:101)
	at org.wso2.ballerinalang.compiler.Compiler.build(Compiler.java:109)
	at org.ballerinalang.packerina.task.CompileTask.execute(CompileTask.java:58)
	at org.ballerinalang.packerina.TaskExecutor.executeTasks(TaskExecutor.java:38)
	at org.ballerinalang.packerina.cmd.RunCommand.execute(RunCommand.java:297)
	at java.util.Optional.ifPresent(Optional.java:159)
	at org.ballerinalang.tool.Main.main(Main.java:57)
 
