[2020-11-02 17:25:15,883] SEVERE {b7a.log.crash} - there are test failures 
java.lang.RuntimeException: there are test failures
	at org.ballerinalang.test.runtime.util.TesterinaUtils.executeTests(TesterinaUtils.java:77)
	at org.ballerinalang.test.runtime.Main.startTestSuit(Main.java:60)
	at org.ballerinalang.test.runtime.Main.main(Main.java:52)
 
[2020-11-02 17:29:51,319] SEVERE {b7a.log.crash} - there are test failures 
java.lang.RuntimeException: there are test failures
	at org.ballerinalang.test.runtime.util.TesterinaUtils.executeTests(TesterinaUtils.java:77)
	at org.ballerinalang.test.runtime.Main.startTestSuit(Main.java:60)
	at org.ballerinalang.test.runtime.Main.main(Main.java:52)
 
[2020-11-02 17:32:09,315] SEVERE {b7a.log.crash} - there are test failures 
java.lang.RuntimeException: there are test failures
	at org.ballerinalang.test.runtime.util.TesterinaUtils.executeTests(TesterinaUtils.java:77)
	at org.ballerinalang.test.runtime.Main.startTestSuit(Main.java:60)
	at org.ballerinalang.test.runtime.Main.main(Main.java:52)
 
[2020-11-02 20:00:34,351] SEVERE {b7a.log.crash} - there are test failures 
java.lang.RuntimeException: there are test failures
	at org.ballerinalang.test.runtime.util.TesterinaUtils.executeTests(TesterinaUtils.java:77)
	at org.ballerinalang.test.runtime.Main.startTestSuit(Main.java:60)
	at org.ballerinalang.test.runtime.Main.main(Main.java:52)
 
[2020-11-02 20:04:42,832] SEVERE {b7a.log.crash} - there are test failures 
java.lang.RuntimeException: there are test failures
	at org.ballerinalang.test.runtime.util.TesterinaUtils.executeTests(TesterinaUtils.java:77)
	at org.ballerinalang.test.runtime.Main.startTestSuit(Main.java:60)
	at org.ballerinalang.test.runtime.Main.main(Main.java:52)
 
[2020-11-02 20:46:22,042] SEVERE {b7a.log.crash} - there are test failures 
java.lang.RuntimeException: there are test failures
	at org.ballerinalang.test.runtime.util.TesterinaUtils.executeTests(TesterinaUtils.java:77)
	at org.ballerinalang.test.runtime.Main.startTestSuit(Main.java:60)
	at org.ballerinalang.test.runtime.Main.main(Main.java:52)
 
[2020-11-02 20:48:34,134] SEVERE {b7a.log.crash} - there are test failures 
java.lang.RuntimeException: there are test failures
	at org.ballerinalang.test.runtime.util.TesterinaUtils.executeTests(TesterinaUtils.java:77)
	at org.ballerinalang.test.runtime.Main.startTestSuit(Main.java:60)
	at org.ballerinalang.test.runtime.Main.main(Main.java:52)
 
[2020-11-02 20:56:45,259] SEVERE {b7a.log.crash} - there are test failures 
java.lang.RuntimeException: there are test failures
	at org.ballerinalang.test.runtime.util.TesterinaUtils.executeTests(TesterinaUtils.java:77)
	at org.ballerinalang.test.runtime.Main.startTestSuit(Main.java:60)
	at org.ballerinalang.test.runtime.Main.main(Main.java:52)
 
[2020-11-02 20:58:32,695] SEVERE {b7a.log.crash} - there are test failures 
java.lang.RuntimeException: there are test failures
	at org.ballerinalang.test.runtime.util.TesterinaUtils.executeTests(TesterinaUtils.java:77)
	at org.ballerinalang.test.runtime.Main.startTestSuit(Main.java:60)
	at org.ballerinalang.test.runtime.Main.main(Main.java:52)
 
[2020-11-02 20:59:39,861] SEVERE {b7a.log.crash} - there are test failures 
java.lang.RuntimeException: there are test failures
	at org.ballerinalang.test.runtime.util.TesterinaUtils.executeTests(TesterinaUtils.java:77)
	at org.ballerinalang.test.runtime.Main.startTestSuit(Main.java:60)
	at org.ballerinalang.test.runtime.Main.main(Main.java:52)
 
[2020-11-02 21:00:42,898] SEVERE {b7a.log.crash} - there are test failures 
java.lang.RuntimeException: there are test failures
	at org.ballerinalang.test.runtime.util.TesterinaUtils.executeTests(TesterinaUtils.java:77)
	at org.ballerinalang.test.runtime.Main.startTestSuit(Main.java:60)
	at org.ballerinalang.test.runtime.Main.main(Main.java:52)
 
[2020-11-02 21:01:28,577] SEVERE {b7a.log.crash} - there are test failures 
java.lang.RuntimeException: there are test failures
	at org.ballerinalang.test.runtime.util.TesterinaUtils.executeTests(TesterinaUtils.java:77)
	at org.ballerinalang.test.runtime.Main.startTestSuit(Main.java:60)
	at org.ballerinalang.test.runtime.Main.main(Main.java:52)
 
[2020-11-02 21:02:16,500] SEVERE {b7a.log.crash} - there are test failures 
java.lang.RuntimeException: there are test failures
	at org.ballerinalang.test.runtime.util.TesterinaUtils.executeTests(TesterinaUtils.java:77)
	at org.ballerinalang.test.runtime.Main.startTestSuit(Main.java:60)
	at org.ballerinalang.test.runtime.Main.main(Main.java:52)
 
