[2020-10-27 14:01:01,991] SEVERE {b7a.log.crash} - io.ballerinalang.compiler.syntax.tree.MappingBindingPatternNode cannot be cast to io.ballerinalang.compiler.syntax.tree.CaptureBindingPatternNode 
java.lang.ClassCastException: io.ballerinalang.compiler.syntax.tree.MappingBindingPatternNode cannot be cast to io.ballerinalang.compiler.syntax.tree.CaptureBindingPatternNode
	at org.wso2.ballerinalang.compiler.parser.BLangNodeTransformer.transform(BLangNodeTransformer.java:545)
	at org.wso2.ballerinalang.compiler.parser.BLangNodeTransformer.transform(BLangNodeTransformer.java:435)
	at io.ballerinalang.compiler.syntax.tree.ModuleVariableDeclarationNode.apply(ModuleVariableDeclarationNode.java:67)
	at org.wso2.ballerinalang.compiler.parser.BLangNodeTransformer.transform(BLangNodeTransformer.java:530)
	at org.wso2.ballerinalang.compiler.parser.BLangNodeTransformer.transform(BLangNodeTransformer.java:435)
	at io.ballerinalang.compiler.syntax.tree.ModulePartNode.apply(ModulePartNode.java:54)
	at org.wso2.ballerinalang.compiler.parser.BLangNodeTransformer.accept(BLangNodeTransformer.java:460)
	at org.wso2.ballerinalang.compiler.parser.Parser.generateCompilationUnitNew(Parser.java:126)
	at org.wso2.ballerinalang.compiler.parser.Parser.parse(Parser.java:99)
	at org.wso2.ballerinalang.compiler.PackageLoader.parse(PackageLoader.java:487)
	at org.wso2.ballerinalang.compiler.PackageLoader.loadEntryPackage(PackageLoader.java:374)
	at org.wso2.ballerinalang.compiler.Compiler.compilePackages(Compiler.java:166)
	at org.wso2.ballerinalang.compiler.Compiler.compilePackage(Compiler.java:220)
	at org.wso2.ballerinalang.compiler.Compiler.compile(Compiler.java:101)
	at org.wso2.ballerinalang.compiler.Compiler.build(Compiler.java:109)
	at org.ballerinalang.packerina.task.CompileTask.execute(CompileTask.java:58)
	at org.ballerinalang.packerina.TaskExecutor.executeTasks(TaskExecutor.java:38)
	at org.ballerinalang.packerina.cmd.RunCommand.execute(RunCommand.java:297)
	at java.util.Optional.ifPresent(Optional.java:159)
	at org.ballerinalang.tool.Main.main(Main.java:57)
 
