[2020-11-11 09:53:44,410] SEVERE {b7a.log.crash} - null 
java.lang.AssertionError
	at org.wso2.ballerinalang.compiler.tree.BLangNodeVisitor.visit(BLangNodeVisitor.java:777)
	at org.wso2.ballerinalang.compiler.tree.types.BLangFiniteTypeNode.accept(BLangFiniteTypeNode.java:59)
	at org.wso2.ballerinalang.compiler.desugar.Desugar.rewrite(Desugar.java:5586)
	at org.wso2.ballerinalang.compiler.desugar.Desugar.visit(Desugar.java:1054)
	at org.wso2.ballerinalang.compiler.tree.BLangFunction.accept(BLangFunction.java:73)
	at org.wso2.ballerinalang.compiler.desugar.Desugar.rewrite(Desugar.java:5586)
	at org.wso2.ballerinalang.compiler.desugar.Desugar.rewrite(Desugar.java:5644)
	at org.wso2.ballerinalang.compiler.desugar.Desugar.visit(Desugar.java:731)
	at org.wso2.ballerinalang.compiler.tree.BLangPackage.accept(BLangPackage.java:158)
	at org.wso2.ballerinalang.compiler.desugar.Desugar.rewrite(Desugar.java:5586)
	at org.wso2.ballerinalang.compiler.desugar.Desugar.perform(Desugar.java:396)
	at org.wso2.ballerinalang.compiler.CompilerDriver.desugar(CompilerDriver.java:361)
	at org.wso2.ballerinalang.compiler.CompilerDriver.compile(CompilerDriver.java:303)
	at org.wso2.ballerinalang.compiler.CompilerDriver.compilePackageSymbol(CompilerDriver.java:250)
	at org.wso2.ballerinalang.compiler.CompilerDriver.compilePackage(CompilerDriver.java:142)
	at org.wso2.ballerinalang.compiler.Compiler.compilePackages(Compiler.java:176)
	at org.wso2.ballerinalang.compiler.Compiler.compilePackage(Compiler.java:220)
	at org.wso2.ballerinalang.compiler.Compiler.compile(Compiler.java:101)
	at org.wso2.ballerinalang.compiler.Compiler.build(Compiler.java:109)
	at org.ballerinalang.packerina.task.CompileTask.execute(CompileTask.java:65)
	at org.ballerinalang.packerina.TaskExecutor.executeTasks(TaskExecutor.java:38)
	at org.ballerinalang.packerina.cmd.BuildCommand.execute(BuildCommand.java:436)
	at java.util.Optional.ifPresent(Optional.java:159)
	at org.ballerinalang.tool.Main.main(Main.java:57)
 
[2020-11-11 09:57:11,677] SEVERE {b7a.log.crash} - null 
java.lang.AssertionError
	at org.wso2.ballerinalang.compiler.tree.BLangNodeVisitor.visit(BLangNodeVisitor.java:777)
	at org.wso2.ballerinalang.compiler.tree.types.BLangFiniteTypeNode.accept(BLangFiniteTypeNode.java:59)
	at org.wso2.ballerinalang.compiler.desugar.Desugar.rewrite(Desugar.java:5586)
	at org.wso2.ballerinalang.compiler.desugar.Desugar.visit(Desugar.java:1054)
	at org.wso2.ballerinalang.compiler.tree.BLangFunction.accept(BLangFunction.java:73)
	at org.wso2.ballerinalang.compiler.desugar.Desugar.rewrite(Desugar.java:5586)
	at org.wso2.ballerinalang.compiler.desugar.Desugar.rewrite(Desugar.java:5644)
	at org.wso2.ballerinalang.compiler.desugar.Desugar.visit(Desugar.java:731)
	at org.wso2.ballerinalang.compiler.tree.BLangPackage.accept(BLangPackage.java:158)
	at org.wso2.ballerinalang.compiler.desugar.Desugar.rewrite(Desugar.java:5586)
	at org.wso2.ballerinalang.compiler.desugar.Desugar.perform(Desugar.java:396)
	at org.wso2.ballerinalang.compiler.CompilerDriver.desugar(CompilerDriver.java:361)
	at org.wso2.ballerinalang.compiler.CompilerDriver.compile(CompilerDriver.java:303)
	at org.wso2.ballerinalang.compiler.CompilerDriver.compilePackageSymbol(CompilerDriver.java:250)
	at org.wso2.ballerinalang.compiler.CompilerDriver.compilePackage(CompilerDriver.java:142)
	at org.wso2.ballerinalang.compiler.Compiler.compilePackages(Compiler.java:176)
	at org.wso2.ballerinalang.compiler.Compiler.compilePackage(Compiler.java:220)
	at org.wso2.ballerinalang.compiler.Compiler.compile(Compiler.java:101)
	at org.wso2.ballerinalang.compiler.Compiler.build(Compiler.java:109)
	at org.ballerinalang.packerina.task.CompileTask.execute(CompileTask.java:65)
	at org.ballerinalang.packerina.TaskExecutor.executeTasks(TaskExecutor.java:38)
	at org.ballerinalang.packerina.cmd.BuildCommand.execute(BuildCommand.java:436)
	at java.util.Optional.ifPresent(Optional.java:159)
	at org.ballerinalang.tool.Main.main(Main.java:57)
 
[2020-11-11 09:59:21,902] SEVERE {b7a.log.crash} - null 
java.lang.AssertionError
	at org.wso2.ballerinalang.compiler.tree.BLangNodeVisitor.visit(BLangNodeVisitor.java:777)
	at org.wso2.ballerinalang.compiler.tree.types.BLangFiniteTypeNode.accept(BLangFiniteTypeNode.java:59)
	at org.wso2.ballerinalang.compiler.desugar.Desugar.rewrite(Desugar.java:5586)
	at org.wso2.ballerinalang.compiler.desugar.Desugar.visit(Desugar.java:1054)
	at org.wso2.ballerinalang.compiler.tree.BLangFunction.accept(BLangFunction.java:73)
	at org.wso2.ballerinalang.compiler.desugar.Desugar.rewrite(Desugar.java:5586)
	at org.wso2.ballerinalang.compiler.desugar.Desugar.rewrite(Desugar.java:5644)
	at org.wso2.ballerinalang.compiler.desugar.Desugar.visit(Desugar.java:731)
	at org.wso2.ballerinalang.compiler.tree.BLangPackage.accept(BLangPackage.java:158)
	at org.wso2.ballerinalang.compiler.desugar.Desugar.rewrite(Desugar.java:5586)
	at org.wso2.ballerinalang.compiler.desugar.Desugar.perform(Desugar.java:396)
	at org.wso2.ballerinalang.compiler.CompilerDriver.desugar(CompilerDriver.java:361)
	at org.wso2.ballerinalang.compiler.CompilerDriver.compile(CompilerDriver.java:303)
	at org.wso2.ballerinalang.compiler.CompilerDriver.compilePackageSymbol(CompilerDriver.java:250)
	at org.wso2.ballerinalang.compiler.CompilerDriver.compilePackage(CompilerDriver.java:142)
	at org.wso2.ballerinalang.compiler.Compiler.compilePackages(Compiler.java:176)
	at org.wso2.ballerinalang.compiler.Compiler.compilePackage(Compiler.java:220)
	at org.wso2.ballerinalang.compiler.Compiler.compile(Compiler.java:101)
	at org.wso2.ballerinalang.compiler.Compiler.build(Compiler.java:109)
	at org.ballerinalang.packerina.task.CompileTask.execute(CompileTask.java:65)
	at org.ballerinalang.packerina.TaskExecutor.executeTasks(TaskExecutor.java:38)
	at org.ballerinalang.packerina.cmd.BuildCommand.execute(BuildCommand.java:436)
	at java.util.Optional.ifPresent(Optional.java:159)
	at org.ballerinalang.tool.Main.main(Main.java:57)
 
[2020-11-11 09:59:45,481] SEVERE {b7a.log.crash} - null 
java.lang.AssertionError
	at org.wso2.ballerinalang.compiler.tree.BLangNodeVisitor.visit(BLangNodeVisitor.java:777)
	at org.wso2.ballerinalang.compiler.tree.types.BLangFiniteTypeNode.accept(BLangFiniteTypeNode.java:59)
	at org.wso2.ballerinalang.compiler.desugar.Desugar.rewrite(Desugar.java:5586)
	at org.wso2.ballerinalang.compiler.desugar.Desugar.visit(Desugar.java:1054)
	at org.wso2.ballerinalang.compiler.tree.BLangFunction.accept(BLangFunction.java:73)
	at org.wso2.ballerinalang.compiler.desugar.Desugar.rewrite(Desugar.java:5586)
	at org.wso2.ballerinalang.compiler.desugar.Desugar.rewrite(Desugar.java:5644)
	at org.wso2.ballerinalang.compiler.desugar.Desugar.visit(Desugar.java:731)
	at org.wso2.ballerinalang.compiler.tree.BLangPackage.accept(BLangPackage.java:158)
	at org.wso2.ballerinalang.compiler.desugar.Desugar.rewrite(Desugar.java:5586)
	at org.wso2.ballerinalang.compiler.desugar.Desugar.perform(Desugar.java:396)
	at org.wso2.ballerinalang.compiler.CompilerDriver.desugar(CompilerDriver.java:361)
	at org.wso2.ballerinalang.compiler.CompilerDriver.compile(CompilerDriver.java:303)
	at org.wso2.ballerinalang.compiler.CompilerDriver.compilePackageSymbol(CompilerDriver.java:250)
	at org.wso2.ballerinalang.compiler.CompilerDriver.compilePackage(CompilerDriver.java:142)
	at org.wso2.ballerinalang.compiler.Compiler.compilePackages(Compiler.java:176)
	at org.wso2.ballerinalang.compiler.Compiler.compilePackage(Compiler.java:220)
	at org.wso2.ballerinalang.compiler.Compiler.compile(Compiler.java:101)
	at org.wso2.ballerinalang.compiler.Compiler.build(Compiler.java:109)
	at org.ballerinalang.packerina.task.CompileTask.execute(CompileTask.java:65)
	at org.ballerinalang.packerina.TaskExecutor.executeTasks(TaskExecutor.java:38)
	at org.ballerinalang.packerina.cmd.BuildCommand.execute(BuildCommand.java:436)
	at java.util.Optional.ifPresent(Optional.java:159)
	at org.ballerinalang.tool.Main.main(Main.java:57)
 
[2020-11-11 09:59:56,487] SEVERE {b7a.log.crash} - null 
java.lang.AssertionError
	at org.wso2.ballerinalang.compiler.tree.BLangNodeVisitor.visit(BLangNodeVisitor.java:777)
	at org.wso2.ballerinalang.compiler.tree.types.BLangFiniteTypeNode.accept(BLangFiniteTypeNode.java:59)
	at org.wso2.ballerinalang.compiler.desugar.Desugar.rewrite(Desugar.java:5586)
	at org.wso2.ballerinalang.compiler.desugar.Desugar.visit(Desugar.java:1054)
	at org.wso2.ballerinalang.compiler.tree.BLangFunction.accept(BLangFunction.java:73)
	at org.wso2.ballerinalang.compiler.desugar.Desugar.rewrite(Desugar.java:5586)
	at org.wso2.ballerinalang.compiler.desugar.Desugar.rewrite(Desugar.java:5644)
	at org.wso2.ballerinalang.compiler.desugar.Desugar.visit(Desugar.java:731)
	at org.wso2.ballerinalang.compiler.tree.BLangPackage.accept(BLangPackage.java:158)
	at org.wso2.ballerinalang.compiler.desugar.Desugar.rewrite(Desugar.java:5586)
	at org.wso2.ballerinalang.compiler.desugar.Desugar.perform(Desugar.java:396)
	at org.wso2.ballerinalang.compiler.CompilerDriver.desugar(CompilerDriver.java:361)
	at org.wso2.ballerinalang.compiler.CompilerDriver.compile(CompilerDriver.java:303)
	at org.wso2.ballerinalang.compiler.CompilerDriver.compilePackageSymbol(CompilerDriver.java:250)
	at org.wso2.ballerinalang.compiler.CompilerDriver.compilePackage(CompilerDriver.java:142)
	at org.wso2.ballerinalang.compiler.Compiler.compilePackages(Compiler.java:176)
	at org.wso2.ballerinalang.compiler.Compiler.compilePackage(Compiler.java:220)
	at org.wso2.ballerinalang.compiler.Compiler.compile(Compiler.java:101)
	at org.wso2.ballerinalang.compiler.Compiler.build(Compiler.java:109)
	at org.ballerinalang.packerina.task.CompileTask.execute(CompileTask.java:65)
	at org.ballerinalang.packerina.TaskExecutor.executeTasks(TaskExecutor.java:38)
	at org.ballerinalang.packerina.cmd.BuildCommand.execute(BuildCommand.java:436)
	at java.util.Optional.ifPresent(Optional.java:159)
	at org.ballerinalang.tool.Main.main(Main.java:57)
 
[2020-11-11 10:03:03,766] SEVERE {b7a.log.crash} - null 
java.lang.AssertionError
	at org.wso2.ballerinalang.compiler.tree.BLangNodeVisitor.visit(BLangNodeVisitor.java:777)
	at org.wso2.ballerinalang.compiler.tree.types.BLangFiniteTypeNode.accept(BLangFiniteTypeNode.java:59)
	at org.wso2.ballerinalang.compiler.desugar.Desugar.rewrite(Desugar.java:5586)
	at org.wso2.ballerinalang.compiler.desugar.Desugar.visit(Desugar.java:1054)
	at org.wso2.ballerinalang.compiler.tree.BLangFunction.accept(BLangFunction.java:73)
	at org.wso2.ballerinalang.compiler.desugar.Desugar.rewrite(Desugar.java:5586)
	at org.wso2.ballerinalang.compiler.desugar.Desugar.rewrite(Desugar.java:5644)
	at org.wso2.ballerinalang.compiler.desugar.Desugar.visit(Desugar.java:731)
	at org.wso2.ballerinalang.compiler.tree.BLangPackage.accept(BLangPackage.java:158)
	at org.wso2.ballerinalang.compiler.desugar.Desugar.rewrite(Desugar.java:5586)
	at org.wso2.ballerinalang.compiler.desugar.Desugar.perform(Desugar.java:396)
	at org.wso2.ballerinalang.compiler.CompilerDriver.desugar(CompilerDriver.java:361)
	at org.wso2.ballerinalang.compiler.CompilerDriver.compile(CompilerDriver.java:303)
	at org.wso2.ballerinalang.compiler.CompilerDriver.compilePackageSymbol(CompilerDriver.java:250)
	at org.wso2.ballerinalang.compiler.CompilerDriver.compilePackage(CompilerDriver.java:142)
	at org.wso2.ballerinalang.compiler.Compiler.compilePackages(Compiler.java:176)
	at org.wso2.ballerinalang.compiler.Compiler.compilePackage(Compiler.java:220)
	at org.wso2.ballerinalang.compiler.Compiler.compile(Compiler.java:101)
	at org.wso2.ballerinalang.compiler.Compiler.build(Compiler.java:109)
	at org.ballerinalang.packerina.task.CompileTask.execute(CompileTask.java:65)
	at org.ballerinalang.packerina.TaskExecutor.executeTasks(TaskExecutor.java:38)
	at org.ballerinalang.packerina.cmd.BuildCommand.execute(BuildCommand.java:436)
	at java.util.Optional.ifPresent(Optional.java:159)
	at org.ballerinalang.tool.Main.main(Main.java:57)
 
[2020-11-11 10:08:47,616] SEVERE {b7a.log.crash} - null 
java.lang.AssertionError
	at org.wso2.ballerinalang.compiler.tree.BLangNodeVisitor.visit(BLangNodeVisitor.java:777)
	at org.wso2.ballerinalang.compiler.tree.types.BLangFiniteTypeNode.accept(BLangFiniteTypeNode.java:59)
	at org.wso2.ballerinalang.compiler.desugar.Desugar.rewrite(Desugar.java:5586)
	at org.wso2.ballerinalang.compiler.desugar.Desugar.visit(Desugar.java:1054)
	at org.wso2.ballerinalang.compiler.tree.BLangFunction.accept(BLangFunction.java:73)
	at org.wso2.ballerinalang.compiler.desugar.Desugar.rewrite(Desugar.java:5586)
	at org.wso2.ballerinalang.compiler.desugar.Desugar.rewrite(Desugar.java:5644)
	at org.wso2.ballerinalang.compiler.desugar.Desugar.visit(Desugar.java:731)
	at org.wso2.ballerinalang.compiler.tree.BLangPackage.accept(BLangPackage.java:158)
	at org.wso2.ballerinalang.compiler.desugar.Desugar.rewrite(Desugar.java:5586)
	at org.wso2.ballerinalang.compiler.desugar.Desugar.perform(Desugar.java:396)
	at org.wso2.ballerinalang.compiler.CompilerDriver.desugar(CompilerDriver.java:361)
	at org.wso2.ballerinalang.compiler.CompilerDriver.compile(CompilerDriver.java:303)
	at org.wso2.ballerinalang.compiler.CompilerDriver.compilePackageSymbol(CompilerDriver.java:250)
	at org.wso2.ballerinalang.compiler.CompilerDriver.compilePackage(CompilerDriver.java:142)
	at org.wso2.ballerinalang.compiler.Compiler.compilePackages(Compiler.java:176)
	at org.wso2.ballerinalang.compiler.Compiler.compilePackage(Compiler.java:220)
	at org.wso2.ballerinalang.compiler.Compiler.compile(Compiler.java:101)
	at org.wso2.ballerinalang.compiler.Compiler.build(Compiler.java:109)
	at org.ballerinalang.packerina.task.CompileTask.execute(CompileTask.java:65)
	at org.ballerinalang.packerina.TaskExecutor.executeTasks(TaskExecutor.java:38)
	at org.ballerinalang.packerina.cmd.BuildCommand.execute(BuildCommand.java:436)
	at java.util.Optional.ifPresent(Optional.java:159)
	at org.ballerinalang.tool.Main.main(Main.java:57)
 
[2020-11-11 10:24:48,186] SEVERE {b7a.log.crash} - null 
java.lang.AssertionError
	at org.wso2.ballerinalang.compiler.tree.BLangNodeVisitor.visit(BLangNodeVisitor.java:777)
	at org.wso2.ballerinalang.compiler.tree.types.BLangFiniteTypeNode.accept(BLangFiniteTypeNode.java:59)
	at org.wso2.ballerinalang.compiler.desugar.Desugar.rewrite(Desugar.java:5586)
	at org.wso2.ballerinalang.compiler.desugar.Desugar.visit(Desugar.java:1054)
	at org.wso2.ballerinalang.compiler.tree.BLangFunction.accept(BLangFunction.java:73)
	at org.wso2.ballerinalang.compiler.desugar.Desugar.rewrite(Desugar.java:5586)
	at org.wso2.ballerinalang.compiler.desugar.Desugar.rewrite(Desugar.java:5644)
	at org.wso2.ballerinalang.compiler.desugar.Desugar.visit(Desugar.java:731)
	at org.wso2.ballerinalang.compiler.tree.BLangPackage.accept(BLangPackage.java:158)
	at org.wso2.ballerinalang.compiler.desugar.Desugar.rewrite(Desugar.java:5586)
	at org.wso2.ballerinalang.compiler.desugar.Desugar.perform(Desugar.java:396)
	at org.wso2.ballerinalang.compiler.CompilerDriver.desugar(CompilerDriver.java:361)
	at org.wso2.ballerinalang.compiler.CompilerDriver.compile(CompilerDriver.java:303)
	at org.wso2.ballerinalang.compiler.CompilerDriver.compilePackageSymbol(CompilerDriver.java:250)
	at org.wso2.ballerinalang.compiler.CompilerDriver.compilePackage(CompilerDriver.java:142)
	at org.wso2.ballerinalang.compiler.Compiler.compilePackages(Compiler.java:176)
	at org.wso2.ballerinalang.compiler.Compiler.compilePackage(Compiler.java:220)
	at org.wso2.ballerinalang.compiler.Compiler.compile(Compiler.java:101)
	at org.wso2.ballerinalang.compiler.Compiler.build(Compiler.java:109)
	at org.ballerinalang.packerina.task.CompileTask.execute(CompileTask.java:65)
	at org.ballerinalang.packerina.TaskExecutor.executeTasks(TaskExecutor.java:38)
	at org.ballerinalang.packerina.cmd.BuildCommand.execute(BuildCommand.java:436)
	at java.util.Optional.ifPresent(Optional.java:159)
	at org.ballerinalang.tool.Main.main(Main.java:57)
 
[2020-11-11 10:26:50,194] SEVERE {b7a.log.crash} - null 
java.lang.AssertionError
	at org.wso2.ballerinalang.compiler.tree.BLangNodeVisitor.visit(BLangNodeVisitor.java:777)
	at org.wso2.ballerinalang.compiler.tree.types.BLangFiniteTypeNode.accept(BLangFiniteTypeNode.java:59)
	at org.wso2.ballerinalang.compiler.desugar.Desugar.rewrite(Desugar.java:5586)
	at org.wso2.ballerinalang.compiler.desugar.Desugar.visit(Desugar.java:1054)
	at org.wso2.ballerinalang.compiler.tree.BLangFunction.accept(BLangFunction.java:73)
	at org.wso2.ballerinalang.compiler.desugar.Desugar.rewrite(Desugar.java:5586)
	at org.wso2.ballerinalang.compiler.desugar.Desugar.rewrite(Desugar.java:5644)
	at org.wso2.ballerinalang.compiler.desugar.Desugar.visit(Desugar.java:731)
	at org.wso2.ballerinalang.compiler.tree.BLangPackage.accept(BLangPackage.java:158)
	at org.wso2.ballerinalang.compiler.desugar.Desugar.rewrite(Desugar.java:5586)
	at org.wso2.ballerinalang.compiler.desugar.Desugar.perform(Desugar.java:396)
	at org.wso2.ballerinalang.compiler.CompilerDriver.desugar(CompilerDriver.java:361)
	at org.wso2.ballerinalang.compiler.CompilerDriver.compile(CompilerDriver.java:303)
	at org.wso2.ballerinalang.compiler.CompilerDriver.compilePackageSymbol(CompilerDriver.java:250)
	at org.wso2.ballerinalang.compiler.CompilerDriver.compilePackage(CompilerDriver.java:142)
	at org.wso2.ballerinalang.compiler.Compiler.compilePackages(Compiler.java:176)
	at org.wso2.ballerinalang.compiler.Compiler.compilePackage(Compiler.java:220)
	at org.wso2.ballerinalang.compiler.Compiler.compile(Compiler.java:101)
	at org.wso2.ballerinalang.compiler.Compiler.build(Compiler.java:109)
	at org.ballerinalang.packerina.task.CompileTask.execute(CompileTask.java:65)
	at org.ballerinalang.packerina.TaskExecutor.executeTasks(TaskExecutor.java:38)
	at org.ballerinalang.packerina.cmd.BuildCommand.execute(BuildCommand.java:436)
	at java.util.Optional.ifPresent(Optional.java:159)
	at org.ballerinalang.tool.Main.main(Main.java:57)
 
[2020-11-11 10:27:44,883] SEVERE {b7a.log.crash} - null 
java.lang.AssertionError
	at org.wso2.ballerinalang.compiler.tree.BLangNodeVisitor.visit(BLangNodeVisitor.java:777)
	at org.wso2.ballerinalang.compiler.tree.types.BLangFiniteTypeNode.accept(BLangFiniteTypeNode.java:59)
	at org.wso2.ballerinalang.compiler.desugar.Desugar.rewrite(Desugar.java:5586)
	at org.wso2.ballerinalang.compiler.desugar.Desugar.visit(Desugar.java:1054)
	at org.wso2.ballerinalang.compiler.tree.BLangFunction.accept(BLangFunction.java:73)
	at org.wso2.ballerinalang.compiler.desugar.Desugar.rewrite(Desugar.java:5586)
	at org.wso2.ballerinalang.compiler.desugar.Desugar.rewrite(Desugar.java:5644)
	at org.wso2.ballerinalang.compiler.desugar.Desugar.visit(Desugar.java:731)
	at org.wso2.ballerinalang.compiler.tree.BLangPackage.accept(BLangPackage.java:158)
	at org.wso2.ballerinalang.compiler.desugar.Desugar.rewrite(Desugar.java:5586)
	at org.wso2.ballerinalang.compiler.desugar.Desugar.perform(Desugar.java:396)
	at org.wso2.ballerinalang.compiler.CompilerDriver.desugar(CompilerDriver.java:361)
	at org.wso2.ballerinalang.compiler.CompilerDriver.compile(CompilerDriver.java:303)
	at org.wso2.ballerinalang.compiler.CompilerDriver.compilePackageSymbol(CompilerDriver.java:250)
	at org.wso2.ballerinalang.compiler.CompilerDriver.compilePackage(CompilerDriver.java:142)
	at org.wso2.ballerinalang.compiler.Compiler.compilePackages(Compiler.java:176)
	at org.wso2.ballerinalang.compiler.Compiler.compilePackage(Compiler.java:220)
	at org.wso2.ballerinalang.compiler.Compiler.compile(Compiler.java:101)
	at org.wso2.ballerinalang.compiler.Compiler.build(Compiler.java:109)
	at org.ballerinalang.packerina.task.CompileTask.execute(CompileTask.java:65)
	at org.ballerinalang.packerina.TaskExecutor.executeTasks(TaskExecutor.java:38)
	at org.ballerinalang.packerina.cmd.BuildCommand.execute(BuildCommand.java:436)
	at java.util.Optional.ifPresent(Optional.java:159)
	at org.ballerinalang.tool.Main.main(Main.java:57)
 
[2020-11-11 11:15:05,764] SEVERE {b7a.log.crash} - null 
java.lang.AssertionError
	at org.wso2.ballerinalang.compiler.tree.BLangNodeVisitor.visit(BLangNodeVisitor.java:777)
	at org.wso2.ballerinalang.compiler.tree.types.BLangFiniteTypeNode.accept(BLangFiniteTypeNode.java:59)
	at org.wso2.ballerinalang.compiler.desugar.Desugar.rewrite(Desugar.java:5586)
	at org.wso2.ballerinalang.compiler.desugar.Desugar.visit(Desugar.java:1054)
	at org.wso2.ballerinalang.compiler.tree.BLangFunction.accept(BLangFunction.java:73)
	at org.wso2.ballerinalang.compiler.desugar.Desugar.rewrite(Desugar.java:5586)
	at org.wso2.ballerinalang.compiler.desugar.Desugar.rewrite(Desugar.java:5644)
	at org.wso2.ballerinalang.compiler.desugar.Desugar.visit(Desugar.java:731)
	at org.wso2.ballerinalang.compiler.tree.BLangPackage.accept(BLangPackage.java:158)
	at org.wso2.ballerinalang.compiler.desugar.Desugar.rewrite(Desugar.java:5586)
	at org.wso2.ballerinalang.compiler.desugar.Desugar.perform(Desugar.java:396)
	at org.wso2.ballerinalang.compiler.CompilerDriver.desugar(CompilerDriver.java:361)
	at org.wso2.ballerinalang.compiler.CompilerDriver.compile(CompilerDriver.java:303)
	at org.wso2.ballerinalang.compiler.CompilerDriver.compilePackageSymbol(CompilerDriver.java:250)
	at org.wso2.ballerinalang.compiler.CompilerDriver.compilePackage(CompilerDriver.java:142)
	at org.wso2.ballerinalang.compiler.Compiler.compilePackages(Compiler.java:176)
	at org.wso2.ballerinalang.compiler.Compiler.compilePackage(Compiler.java:220)
	at org.wso2.ballerinalang.compiler.Compiler.compile(Compiler.java:101)
	at org.wso2.ballerinalang.compiler.Compiler.build(Compiler.java:109)
	at org.ballerinalang.packerina.task.CompileTask.execute(CompileTask.java:65)
	at org.ballerinalang.packerina.TaskExecutor.executeTasks(TaskExecutor.java:38)
	at org.ballerinalang.packerina.cmd.BuildCommand.execute(BuildCommand.java:436)
	at java.util.Optional.ifPresent(Optional.java:159)
	at org.ballerinalang.tool.Main.main(Main.java:57)
 
[2020-11-11 11:15:23,751] SEVERE {b7a.log.crash} - null 
java.lang.AssertionError
	at org.wso2.ballerinalang.compiler.tree.BLangNodeVisitor.visit(BLangNodeVisitor.java:777)
	at org.wso2.ballerinalang.compiler.tree.types.BLangFiniteTypeNode.accept(BLangFiniteTypeNode.java:59)
	at org.wso2.ballerinalang.compiler.desugar.Desugar.rewrite(Desugar.java:5586)
	at org.wso2.ballerinalang.compiler.desugar.Desugar.visit(Desugar.java:1054)
	at org.wso2.ballerinalang.compiler.tree.BLangFunction.accept(BLangFunction.java:73)
	at org.wso2.ballerinalang.compiler.desugar.Desugar.rewrite(Desugar.java:5586)
	at org.wso2.ballerinalang.compiler.desugar.Desugar.rewrite(Desugar.java:5644)
	at org.wso2.ballerinalang.compiler.desugar.Desugar.visit(Desugar.java:731)
	at org.wso2.ballerinalang.compiler.tree.BLangPackage.accept(BLangPackage.java:158)
	at org.wso2.ballerinalang.compiler.desugar.Desugar.rewrite(Desugar.java:5586)
	at org.wso2.ballerinalang.compiler.desugar.Desugar.perform(Desugar.java:396)
	at org.wso2.ballerinalang.compiler.CompilerDriver.desugar(CompilerDriver.java:361)
	at org.wso2.ballerinalang.compiler.CompilerDriver.compile(CompilerDriver.java:303)
	at org.wso2.ballerinalang.compiler.CompilerDriver.compilePackageSymbol(CompilerDriver.java:250)
	at org.wso2.ballerinalang.compiler.CompilerDriver.compilePackage(CompilerDriver.java:142)
	at org.wso2.ballerinalang.compiler.Compiler.compilePackages(Compiler.java:176)
	at org.wso2.ballerinalang.compiler.Compiler.compilePackage(Compiler.java:220)
	at org.wso2.ballerinalang.compiler.Compiler.compile(Compiler.java:101)
	at org.wso2.ballerinalang.compiler.Compiler.build(Compiler.java:109)
	at org.ballerinalang.packerina.task.CompileTask.execute(CompileTask.java:65)
	at org.ballerinalang.packerina.TaskExecutor.executeTasks(TaskExecutor.java:38)
	at org.ballerinalang.packerina.cmd.BuildCommand.execute(BuildCommand.java:436)
	at java.util.Optional.ifPresent(Optional.java:159)
	at org.ballerinalang.tool.Main.main(Main.java:57)
 
