[2020-10-27 08:54:44,793] SEVERE {b7a.log.crash} - io.ballerinalang.compiler.syntax.tree.ReceiveFieldsNode cannot be cast to io.ballerinalang.compiler.syntax.tree.SimpleNameReferenceNode 
java.lang.ClassCastException: io.ballerinalang.compiler.syntax.tree.ReceiveFieldsNode cannot be cast to io.ballerinalang.compiler.syntax.tree.SimpleNameReferenceNode
	at io.ballerinalang.compiler.syntax.tree.ReceiveActionNode.receiveWorkers(ReceiveActionNode.java:40)
	at org.wso2.ballerinalang.compiler.parser.BLangNodeTransformer.transform(BLangNodeTransformer.java:2145)
	at org.wso2.ballerinalang.compiler.parser.BLangNodeTransformer.transform(BLangNodeTransformer.java:435)
	at io.ballerinalang.compiler.syntax.tree.ReceiveActionNode.apply(ReceiveActionNode.java:50)
	at org.wso2.ballerinalang.compiler.parser.BLangNodeTransformer.createActionOrExpression(BLangNodeTransformer.java:4218)
	at org.wso2.ballerinalang.compiler.parser.BLangNodeTransformer.createExpression(BLangNodeTransformer.java:4189)
	at org.wso2.ballerinalang.compiler.parser.BLangNodeTransformer.transform(BLangNodeTransformer.java:1862)
	at org.wso2.ballerinalang.compiler.parser.BLangNodeTransformer.transform(BLangNodeTransformer.java:435)
	at io.ballerinalang.compiler.syntax.tree.BinaryExpressionNode.apply(BinaryExpressionNode.java:54)
	at org.wso2.ballerinalang.compiler.parser.BLangNodeTransformer.createActionOrExpression(BLangNodeTransformer.java:4218)
	at org.wso2.ballerinalang.compiler.parser.BLangNodeTransformer.createExpression(BLangNodeTransformer.java:4189)
	at org.wso2.ballerinalang.compiler.parser.BLangNodeTransformer.transform(BLangNodeTransformer.java:1861)
	at org.wso2.ballerinalang.compiler.parser.BLangNodeTransformer.transform(BLangNodeTransformer.java:435)
	at io.ballerinalang.compiler.syntax.tree.BinaryExpressionNode.apply(BinaryExpressionNode.java:54)
	at org.wso2.ballerinalang.compiler.parser.BLangNodeTransformer.createActionOrExpression(BLangNodeTransformer.java:4218)
	at org.wso2.ballerinalang.compiler.parser.BLangNodeTransformer.createExpression(BLangNodeTransformer.java:4189)
	at org.wso2.ballerinalang.compiler.parser.BLangNodeTransformer.transform(BLangNodeTransformer.java:1270)
	at org.wso2.ballerinalang.compiler.parser.BLangNodeTransformer.transform(BLangNodeTransformer.java:435)
	at io.ballerinalang.compiler.syntax.tree.RecordFieldWithDefaultValueNode.apply(RecordFieldWithDefaultValueNode.java:71)
	at org.wso2.ballerinalang.compiler.parser.BLangNodeTransformer.transform(BLangNodeTransformer.java:1202)
	at org.wso2.ballerinalang.compiler.parser.BLangNodeTransformer.transform(BLangNodeTransformer.java:435)
	at io.ballerinalang.compiler.syntax.tree.RecordTypeDescriptorNode.apply(RecordTypeDescriptorNode.java:63)
	at org.wso2.ballerinalang.compiler.parser.BLangNodeTransformer.createTypeNode(BLangNodeTransformer.java:4547)
	at org.wso2.ballerinalang.compiler.parser.BLangNodeTransformer.createSimpleVar(BLangNodeTransformer.java:4295)
	at org.wso2.ballerinalang.compiler.parser.BLangNodeTransformer.transform(BLangNodeTransformer.java:1026)
	at org.wso2.ballerinalang.compiler.parser.BLangNodeTransformer.transform(BLangNodeTransformer.java:435)
	at io.ballerinalang.compiler.syntax.tree.ObjectFieldNode.apply(ObjectFieldNode.java:75)
	at org.wso2.ballerinalang.compiler.parser.BLangNodeTransformer.transform(BLangNodeTransformer.java:877)
	at org.wso2.ballerinalang.compiler.parser.BLangNodeTransformer.transform(BLangNodeTransformer.java:435)
	at io.ballerinalang.compiler.syntax.tree.ObjectTypeDescriptorNode.apply(ObjectTypeDescriptorNode.java:62)
	at org.wso2.ballerinalang.compiler.parser.BLangNodeTransformer.createTypeNode(BLangNodeTransformer.java:4547)
	at org.wso2.ballerinalang.compiler.parser.BLangNodeTransformer.transform(BLangNodeTransformer.java:671)
	at org.wso2.ballerinalang.compiler.parser.BLangNodeTransformer.transform(BLangNodeTransformer.java:435)
	at io.ballerinalang.compiler.syntax.tree.TypeDefinitionNode.apply(TypeDefinitionNode.java:67)
	at org.wso2.ballerinalang.compiler.parser.BLangNodeTransformer.transform(BLangNodeTransformer.java:530)
	at org.wso2.ballerinalang.compiler.parser.BLangNodeTransformer.transform(BLangNodeTransformer.java:435)
	at io.ballerinalang.compiler.syntax.tree.ModulePartNode.apply(ModulePartNode.java:54)
	at org.wso2.ballerinalang.compiler.parser.BLangNodeTransformer.accept(BLangNodeTransformer.java:460)
	at org.wso2.ballerinalang.compiler.parser.Parser.generateCompilationUnitNew(Parser.java:126)
	at org.wso2.ballerinalang.compiler.parser.Parser.parse(Parser.java:99)
	at org.wso2.ballerinalang.compiler.PackageLoader.parse(PackageLoader.java:487)
	at org.wso2.ballerinalang.compiler.PackageLoader.loadEntryPackage(PackageLoader.java:374)
	at org.wso2.ballerinalang.compiler.Compiler.compilePackages(Compiler.java:166)
	at org.wso2.ballerinalang.compiler.Compiler.compilePackage(Compiler.java:220)
	at org.wso2.ballerinalang.compiler.Compiler.compile(Compiler.java:101)
	at org.wso2.ballerinalang.compiler.Compiler.build(Compiler.java:109)
	at org.ballerinalang.packerina.task.CompileTask.execute(CompileTask.java:65)
	at org.ballerinalang.packerina.TaskExecutor.executeTasks(TaskExecutor.java:38)
	at org.ballerinalang.packerina.cmd.TestCommand.execute(TestCommand.java:434)
	at java.util.Optional.ifPresent(Optional.java:159)
	at org.ballerinalang.tool.Main.main(Main.java:57)
 
[2020-10-27 08:58:07,676] SEVERE {b7a.log.crash} - io.ballerinalang.compiler.syntax.tree.ReceiveFieldsNode cannot be cast to io.ballerinalang.compiler.syntax.tree.SimpleNameReferenceNode 
java.lang.ClassCastException: io.ballerinalang.compiler.syntax.tree.ReceiveFieldsNode cannot be cast to io.ballerinalang.compiler.syntax.tree.SimpleNameReferenceNode
	at io.ballerinalang.compiler.syntax.tree.ReceiveActionNode.receiveWorkers(ReceiveActionNode.java:40)
	at org.wso2.ballerinalang.compiler.parser.BLangNodeTransformer.transform(BLangNodeTransformer.java:2145)
	at org.wso2.ballerinalang.compiler.parser.BLangNodeTransformer.transform(BLangNodeTransformer.java:435)
	at io.ballerinalang.compiler.syntax.tree.ReceiveActionNode.apply(ReceiveActionNode.java:50)
	at org.wso2.ballerinalang.compiler.parser.BLangNodeTransformer.createActionOrExpression(BLangNodeTransformer.java:4218)
	at org.wso2.ballerinalang.compiler.parser.BLangNodeTransformer.createExpression(BLangNodeTransformer.java:4189)
	at org.wso2.ballerinalang.compiler.parser.BLangNodeTransformer.transform(BLangNodeTransformer.java:1862)
	at org.wso2.ballerinalang.compiler.parser.BLangNodeTransformer.transform(BLangNodeTransformer.java:435)
	at io.ballerinalang.compiler.syntax.tree.BinaryExpressionNode.apply(BinaryExpressionNode.java:54)
	at org.wso2.ballerinalang.compiler.parser.BLangNodeTransformer.createActionOrExpression(BLangNodeTransformer.java:4218)
	at org.wso2.ballerinalang.compiler.parser.BLangNodeTransformer.createExpression(BLangNodeTransformer.java:4189)
	at org.wso2.ballerinalang.compiler.parser.BLangNodeTransformer.transform(BLangNodeTransformer.java:1861)
	at org.wso2.ballerinalang.compiler.parser.BLangNodeTransformer.transform(BLangNodeTransformer.java:435)
	at io.ballerinalang.compiler.syntax.tree.BinaryExpressionNode.apply(BinaryExpressionNode.java:54)
	at org.wso2.ballerinalang.compiler.parser.BLangNodeTransformer.createActionOrExpression(BLangNodeTransformer.java:4218)
	at org.wso2.ballerinalang.compiler.parser.BLangNodeTransformer.createExpression(BLangNodeTransformer.java:4189)
	at org.wso2.ballerinalang.compiler.parser.BLangNodeTransformer.transform(BLangNodeTransformer.java:1270)
	at org.wso2.ballerinalang.compiler.parser.BLangNodeTransformer.transform(BLangNodeTransformer.java:435)
	at io.ballerinalang.compiler.syntax.tree.RecordFieldWithDefaultValueNode.apply(RecordFieldWithDefaultValueNode.java:71)
	at org.wso2.ballerinalang.compiler.parser.BLangNodeTransformer.transform(BLangNodeTransformer.java:1202)
	at org.wso2.ballerinalang.compiler.parser.BLangNodeTransformer.transform(BLangNodeTransformer.java:435)
	at io.ballerinalang.compiler.syntax.tree.RecordTypeDescriptorNode.apply(RecordTypeDescriptorNode.java:63)
	at org.wso2.ballerinalang.compiler.parser.BLangNodeTransformer.createTypeNode(BLangNodeTransformer.java:4547)
	at org.wso2.ballerinalang.compiler.parser.BLangNodeTransformer.createSimpleVar(BLangNodeTransformer.java:4295)
	at org.wso2.ballerinalang.compiler.parser.BLangNodeTransformer.transform(BLangNodeTransformer.java:1026)
	at org.wso2.ballerinalang.compiler.parser.BLangNodeTransformer.transform(BLangNodeTransformer.java:435)
	at io.ballerinalang.compiler.syntax.tree.ObjectFieldNode.apply(ObjectFieldNode.java:75)
	at org.wso2.ballerinalang.compiler.parser.BLangNodeTransformer.transform(BLangNodeTransformer.java:877)
	at org.wso2.ballerinalang.compiler.parser.BLangNodeTransformer.transform(BLangNodeTransformer.java:435)
	at io.ballerinalang.compiler.syntax.tree.ObjectTypeDescriptorNode.apply(ObjectTypeDescriptorNode.java:62)
	at org.wso2.ballerinalang.compiler.parser.BLangNodeTransformer.createTypeNode(BLangNodeTransformer.java:4547)
	at org.wso2.ballerinalang.compiler.parser.BLangNodeTransformer.transform(BLangNodeTransformer.java:671)
	at org.wso2.ballerinalang.compiler.parser.BLangNodeTransformer.transform(BLangNodeTransformer.java:435)
	at io.ballerinalang.compiler.syntax.tree.TypeDefinitionNode.apply(TypeDefinitionNode.java:67)
	at org.wso2.ballerinalang.compiler.parser.BLangNodeTransformer.transform(BLangNodeTransformer.java:530)
	at org.wso2.ballerinalang.compiler.parser.BLangNodeTransformer.transform(BLangNodeTransformer.java:435)
	at io.ballerinalang.compiler.syntax.tree.ModulePartNode.apply(ModulePartNode.java:54)
	at org.wso2.ballerinalang.compiler.parser.BLangNodeTransformer.accept(BLangNodeTransformer.java:460)
	at org.wso2.ballerinalang.compiler.parser.Parser.generateCompilationUnitNew(Parser.java:126)
	at org.wso2.ballerinalang.compiler.parser.Parser.parse(Parser.java:99)
	at org.wso2.ballerinalang.compiler.PackageLoader.parse(PackageLoader.java:487)
	at org.wso2.ballerinalang.compiler.PackageLoader.loadEntryPackage(PackageLoader.java:374)
	at org.wso2.ballerinalang.compiler.Compiler.compilePackages(Compiler.java:166)
	at org.wso2.ballerinalang.compiler.Compiler.compilePackages(Compiler.java:147)
	at org.ballerinalang.packerina.task.CompileTask.execute(CompileTask.java:69)
	at org.ballerinalang.packerina.TaskExecutor.executeTasks(TaskExecutor.java:38)
	at org.ballerinalang.packerina.cmd.TestCommand.execute(TestCommand.java:434)
	at java.util.Optional.ifPresent(Optional.java:159)
	at org.ballerinalang.tool.Main.main(Main.java:57)
 
